<?xml version="1.0" encoding="UTF-8"?>
<coverage generated="1787842734519" clover="3.2.0">
  <project timestamp="1787842734519" name="All files">
    <metrics statements="288" coveredstatements="258" conditionals="171" coveredconditionals="132" methods="25" coveredmethods="24" elements="484" coveredelements="414" complexity="0" loc="288" ncloc="288" packages="1" files="1" classes="1"/>
    <file name="index.js" path="/app/index.js">
      <metrics statements="288" coveredstatements="258" conditionals="171" coveredconditionals="132" methods="25" coveredmethods="24"/>
      <line num="1" count="1" type="stmt"/>
      <line num="2" count="1" type="stmt"/>
      <line num="3" count="1" type="stmt"/>
      <line num="5" count="1" type="stmt"/>
      <line num="6" count="1" type="stmt"/>
      <line num="7" count="1" type="cond" truecount="1" falsecount="1"/>
      <line num="8" count="1" type="stmt"/>
      <line num="9" count="1" type="stmt"/>
      <line num="10" count="1" type="stmt"/>
      <line num="11" count="1" type="stmt"/>
      <line num="12" count="1" type="stmt"/>
      <line num="13" count="1" type="stmt"/>
      <line num="16" count="16" type="cond" truecount="2" falsecount="0"/>
      <line num="17" count="13" type="stmt"/>
      <line num="18" count="13" type="stmt"/>
      <line num="19" count="12" type="cond" truecount="2" falsecount="0"/>
      <line num="20" count="11" type="cond" truecount="2" falsecount="0"/>
      <line num="24" count="4" type="stmt"/>
      <line num="28" count="7" type="stmt"/>
      <line num="29" count="7" type="stmt"/>
      <line num="31" count="1" type="stmt"/>
      <line num="35" count="1" type="cond" truecount="1" falsecount="1"/>
      <line num="36" count="0" type="cond" truecount="0" falsecount="2"/>
      <line num="37" count="0" type="stmt"/>
      <line num="40" count="0" type="stmt"/>
      <line num="42" count="0" type="cond" truecount="0" falsecount="2"/>
      <line num="43" count="0" type="stmt"/>
      <line num="46" count="0" type="stmt"/>
      <line num="50" count="1" type="stmt"/>
      <line num="51" count="4" type="stmt"/>
      <line num="54" count="9" type="stmt"/>
      <line num="55" count="9" type="stmt"/>
      <line num="56" count="9" type="stmt"/>
      <line num="57" count="9" type="stmt"/>
      <line num="58" count="9" type="stmt"/>
      <line num="59" count="11" type="stmt"/>
      <line num="60" count="11" type="cond" truecount="2" falsecount="0"/>
      <line num="61" count="2" type="stmt"/>
      <line num="63" count="9" type="stmt"/>
      <line num="65" count="6" type="stmt"/>
      <line num="66" count="6" type="stmt"/>
      <line num="68" count="3" type="stmt"/>
      <line num="69" count="3" type="stmt"/>
      <line num="70" count="3" type="stmt"/>
      <line num="75" count="8" type="stmt"/>
      <line num="80" count="8" type="stmt"/>
      <line num="81" count="8" type="stmt"/>
      <line num="83" count="8" type="cond" truecount="2" falsecount="0"/>
      <line num="84" count="3" type="stmt"/>
      <line num="87" count="3" type="stmt"/>
      <line num="89" count="5" type="cond" truecount="2" falsecount="0"/>
      <line num="93" count="10" type="stmt"/>
      <line num="95" count="10" type="stmt"/>
      <line num="96" count="10" type="stmt"/>
      <line num="97" count="10" type="stmt"/>
      <line num="99" count="10" type="stmt"/>
      <line num="100" count="10" type="cond" truecount="2" falsecount="0"/>
      <line num="101" count="7" type="stmt"/>
      <line num="104" count="10" type="stmt"/>
      <line num="109" count="8" type="cond" truecount="1" falsecount="1"/>
      <line num="110" count="0" type="stmt"/>
      <line num="111" count="0" type="stmt"/>
      <line num="112" count="0" type="stmt"/>
      <line num="115" count="8" type="cond" truecount="2" falsecount="0"/>
      <line num="116" count="1" type="stmt"/>
      <line num="117" count="1" type="stmt"/>
      <line num="118" count="1" type="stmt"/>
      <line num="121" count="7" type="stmt"/>
      <line num="123" count="7" type="stmt"/>
      <line num="124" count="7" type="stmt"/>
      <line num="125" count="7" type="cond" truecount="4" falsecount="0"/>
      <line num="126" count="1" type="stmt"/>
      <line num="127" count="1" type="stmt"/>
      <line num="128" count="1" type="stmt"/>
      <line num="131" count="6" type="stmt"/>
      <line num="132" count="6" type="cond" truecount="2" falsecount="0"/>
      <line num="134" count="5" type="stmt"/>
      <line num="136" count="5" type="stmt"/>
      <line num="137" count="5" type="cond" truecount="2" falsecount="0"/>
      <line num="139" count="3" type="stmt"/>
      <line num="140" count="3" type="stmt"/>
      <line num="144" count="13" type="stmt"/>
      <line num="145" count="13" type="stmt"/>
      <line num="146" count="13" type="stmt"/>
      <line num="147" count="10" type="stmt"/>
      <line num="149" count="4" type="cond" truecount="2" falsecount="0"/>
      <line num="150" count="3" type="stmt"/>
      <line num="156" count="13" type="stmt"/>
      <line num="160" count="4" type="stmt"/>
      <line num="161" count="4" type="stmt"/>
      <line num="162" count="3" type="stmt"/>
      <line num="163" count="3" type="stmt"/>
      <line num="167" count="10" type="stmt"/>
      <line num="168" count="10" type="stmt"/>
      <line num="170" count="10" type="stmt"/>
      <line num="171" count="8" type="cond" truecount="2" falsecount="0"/>
      <line num="173" count="3" type="stmt"/>
      <line num="175" count="3" type="stmt"/>
      <line num="177" count="3" type="cond" truecount="4" falsecount="0"/>
      <line num="178" count="1" type="stmt"/>
      <line num="179" count="1" type="stmt"/>
      <line num="182" count="3" type="cond" truecount="1" falsecount="1"/>
      <line num="184" count="0" type="cond" truecount="0" falsecount="2"/>
      <line num="185" count="0" type="stmt"/>
      <line num="187" count="0" type="stmt"/>
      <line num="190" count="3" type="stmt"/>
      <line num="191" count="3" type="stmt"/>
      <line num="193" count="3" type="stmt"/>
      <line num="194" count="3" type="stmt"/>
      <line num="195" count="3" type="stmt"/>
      <line num="197" count="3" type="cond" truecount="3" falsecount="1"/>
      <line num="204" count="3" type="cond" truecount="2" falsecount="0"/>
      <line num="209" count="2" type="stmt"/>
      <line num="210" count="2" type="cond" truecount="1" falsecount="1"/>
      <line num="211" count="2" type="stmt"/>
      <line num="217" count="2" type="stmt"/>
      <line num="218" count="2" type="cond" truecount="2" falsecount="0"/>
      <line num="219" count="1" type="stmt"/>
      <line num="220" count="1" type="stmt"/>
      <line num="226" count="3" type="cond" truecount="2" falsecount="0"/>
      <line num="231" count="1" type="stmt"/>
      <line num="232" count="1" type="cond" truecount="1" falsecount="1"/>
      <line num="233" count="1" type="stmt"/>
      <line num="239" count="1" type="stmt"/>
      <line num="240" count="1" type="cond" truecount="1" falsecount="1"/>
      <line num="241" count="1" type="stmt"/>
      <line num="242" count="1" type="stmt"/>
      <line num="247" count="3" type="cond" truecount="3" falsecount="1"/>
      <line num="250" count="3" type="cond" truecount="2" falsecount="0"/>
      <line num="251" count="2" type="stmt"/>
      <line num="253" count="1" type="stmt"/>
      <line num="258" count="2" type="cond" truecount="2" falsecount="0"/>
      <line num="259" count="1" type="stmt"/>
      <line num="261" count="1" type="stmt"/>
      <line num="263" count="2" type="stmt"/>
      <line num="267" count="1" type="stmt"/>
      <line num="274" count="1" type="stmt"/>
      <line num="277" count="41" type="stmt"/>
      <line num="278" count="41" type="cond" truecount="2" falsecount="0"/>
      <line num="279" count="9" type="stmt"/>
      <line num="283" count="15" type="stmt"/>
      <line num="284" count="15" type="stmt"/>
      <line num="287" count="15" type="cond" truecount="2" falsecount="0"/>
      <line num="288" count="15" type="stmt"/>
      <line num="292" count="21" type="stmt"/>
      <line num="294" count="21" type="stmt"/>
      <line num="296" count="21" type="stmt"/>
      <line num="297" count="21" type="stmt"/>
      <line num="298" count="21" type="stmt"/>
      <line num="300" count="21" type="stmt"/>
      <line num="301" count="117" type="stmt"/>
      <line num="302" count="117" type="cond" truecount="4" falsecount="0"/>
      <line num="303" count="7" type="stmt"/>
      <line num="304" count="7" type="cond" truecount="1" falsecount="1"/>
      <line num="305" count="7" type="stmt"/>
      <line num="310" count="21" type="cond" truecount="2" falsecount="0"/>
      <line num="311" count="16" type="stmt"/>
      <line num="312" count="8" type="stmt"/>
      <line num="313" count="8" type="stmt"/>
      <line num="315" count="8" type="cond" truecount="2" falsecount="0"/>
      <line num="320" count="4" type="stmt"/>
      <line num="325" count="21" type="cond" truecount="4" falsecount="0"/>
      <line num="326" count="1" type="stmt"/>
      <line num="327" count="1" type="stmt"/>
      <line num="332" count="1" type="stmt"/>
      <line num="333" count="1" type="stmt"/>
      <line num="334" count="2" type="stmt"/>
      <line num="335" count="2" type="cond" truecount="1" falsecount="1"/>
      <line num="336" count="2" type="stmt"/>
      <line num="341" count="21" type="stmt"/>
      <line num="345" count="13" type="cond" truecount="2" falsecount="0"/>
      <line num="346" count="7" type="stmt"/>
      <line num="347" count="6" type="stmt"/>
      <line num="348" count="6" type="stmt"/>
      <line num="349" count="10" type="stmt"/>
      <line num="351" count="10" type="cond" truecount="2" falsecount="0"/>
      <line num="352" count="7" type="stmt"/>
      <line num="353" count="7" type="stmt"/>
      <line num="354" count="7" type="stmt"/>
      <line num="355" count="7" type="stmt"/>
      <line num="357" count="3" type="stmt"/>
      <line num="360" count="6" type="stmt"/>
      <line num="364" count="5" type="stmt"/>
      <line num="365" count="5" type="stmt"/>
      <line num="367" count="5" type="stmt"/>
      <line num="369" count="5" type="stmt"/>
      <line num="370" count="5" type="stmt"/>
      <line num="372" count="5" type="stmt"/>
      <line num="373" count="5" type="stmt"/>
      <line num="374" count="5" type="stmt"/>
      <line num="376" count="5" type="cond" truecount="2" falsecount="0"/>
      <line num="378" count="1" type="stmt"/>
      <line num="380" count="1" type="cond" truecount="1" falsecount="1"/>
      <line num="381" count="1" type="cond" truecount="1" falsecount="1"/>
      <line num="383" count="1" type="stmt"/>
      <line num="384" count="1" type="stmt"/>
      <line num="385" count="0" type="cond" truecount="0" falsecount="4"/>
      <line num="387" count="0" type="stmt"/>
      <line num="389" count="0" type="stmt"/>
      <line num="390" count="0" type="stmt"/>
      <line num="391" count="0" type="stmt"/>
      <line num="392" count="0" type="cond" truecount="0" falsecount="2"/>
      <line num="393" count="0" type="stmt"/>
      <line num="394" count="0" type="stmt"/>
      <line num="397" count="0" type="cond" truecount="0" falsecount="2"/>
      <line num="398" count="0" type="stmt"/>
      <line num="404" count="5" type="cond" truecount="2" falsecount="0"/>
      <line num="405" count="1" type="stmt"/>
      <line num="406" count="4" type="cond" truecount="1" falsecount="1"/>
      <line num="407" count="0" type="stmt"/>
      <line num="410" count="5" type="cond" truecount="2" falsecount="0"/>
      <line num="411" count="1" type="stmt"/>
      <line num="416" count="4" type="stmt"/>
      <line num="420" count="4" type="cond" truecount="1" falsecount="1"/>
      <line num="421" count="4" type="stmt"/>
      <line num="426" count="4" type="cond" truecount="1" falsecount="1"/>
      <line num="427" count="0" type="stmt"/>
      <line num="434" count="5" type="stmt"/>
      <line num="438" count="5" type="stmt"/>
      <line num="439" count="5" type="stmt"/>
      <line num="441" count="5" type="cond" truecount="2" falsecount="0"/>
      <line num="442" count="1" type="stmt"/>
      <line num="445" count="5" type="stmt"/>
      <line num="453" count="5" type="stmt"/>
      <line num="458" count="5" type="stmt"/>
      <line num="460" count="5" type="cond" truecount="1" falsecount="1"/>
      <line num="461" count="5" type="cond" truecount="2" falsecount="0"/>
      <line num="462" count="5" type="stmt"/>
      <line num="463" count="5" type="stmt"/>
      <line num="465" count="5" type="stmt"/>
      <line num="469" count="3" type="stmt"/>
      <line num="470" count="3" type="stmt"/>
      <line num="471" count="3" type="stmt"/>
      <line num="473" count="3" type="stmt"/>
      <line num="481" count="8" type="stmt"/>
      <line num="484" count="8" type="cond" truecount="2" falsecount="0"/>
      <line num="485" count="5" type="stmt"/>
      <line num="487" count="3" type="stmt"/>
      <line num="490" count="8" type="stmt"/>
      <line num="491" count="8" type="stmt"/>
      <line num="494" count="8" type="cond" truecount="2" falsecount="0"/>
      <line num="496" count="8" type="stmt"/>
      <line num="500" count="8" type="stmt"/>
      <line num="502" count="8" type="stmt"/>
      <line num="511" count="8" type="cond" truecount="2" falsecount="0"/>
      <line num="512" count="2" type="stmt"/>
      <line num="515" count="8" type="stmt"/>
      <line num="522" count="8" type="stmt"/>
      <line num="526" count="15" type="stmt"/>
      <line num="527" count="15" type="stmt"/>
      <line num="529" count="15" type="stmt"/>
      <line num="530" count="15" type="stmt"/>
      <line num="537" count="7" type="stmt"/>
      <line num="539" count="8" type="stmt"/>
      <line num="541" count="15" type="stmt"/>
      <line num="546" count="8" type="stmt"/>
      <line num="548" count="8" type="stmt"/>
      <line num="549" count="12" type="stmt"/>
      <line num="551" count="12" type="cond" truecount="2" falsecount="0"/>
      <line num="552" count="6" type="cond" truecount="1" falsecount="1"/>
      <line num="553" count="0" type="stmt"/>
      <line num="557" count="6" type="stmt"/>
      <line num="561" count="6" type="cond" truecount="2" falsecount="0"/>
      <line num="562" count="4" type="stmt"/>
      <line num="563" count="4" type="stmt"/>
      <line num="565" count="2" type="stmt"/>
      <line num="568" count="6" type="cond" truecount="2" falsecount="0"/>
      <line num="569" count="4" type="stmt"/>
      <line num="570" count="4" type="stmt"/>
      <line num="573" count="2" type="cond" truecount="2" falsecount="0"/>
      <line num="574" count="1" type="cond" truecount="1" falsecount="1"/>
      <line num="575" count="1" type="cond" truecount="1" falsecount="1"/>
      <line num="576" count="1" type="stmt"/>
      <line num="579" count="1" type="stmt"/>
      <line num="581" count="0" type="stmt"/>
      <line num="584" count="0" type="stmt"/>
      <line num="585" count="0" type="stmt"/>
      <line num="588" count="1" type="stmt"/>
      <line num="589" count="1" type="stmt"/>
      <line num="590" count="1" type="stmt"/>
      <line num="591" count="1" type="stmt"/>
      <line num="594" count="0" type="stmt"/>
      <line num="598" count="8" type="stmt"/>
      <line num="599" count="8" type="stmt"/>
      <line num="600" count="8" type="stmt"/>
      <line num="603" count="1" type="cond" truecount="1" falsecount="1"/>
      <line num="604" count="0" type="stmt"/>
      <line num="607" count="1" type="stmt"/>
    </file>
  </project>
</coverage>
