{
  "/app/index.js": {
    "path": "/app/index.js",
    "statementMap": {
      "0": {
        "start": { "line": 1, "column": 11 },
        "end": { "line": 1, "column": 24 }
      },
      "1": {
        "start": { "line": 2, "column": 19 },
        "end": { "line": 2, "column": 41 }
      },
      "2": {
        "start": { "line": 3, "column": 22 },
        "end": { "line": 3, "column": 48 }
      },
      "3": {
        "start": { "line": 5, "column": 20 },
        "end": { "line": 5, "column": 51 }
      },
      "4": {
        "start": { "line": 6, "column": 16 },
        "end": { "line": 6, "column": 43 }
      },
      "5": {
        "start": { "line": 7, "column": 21 },
        "end": { "line": 7, "column": 61 }
      },
      "6": {
        "start": { "line": 8, "column": 30 },
        "end": { "line": 8, "column": 33 }
      },
      "7": {
        "start": { "line": 9, "column": 21 },
        "end": { "line": 9, "column": 58 }
      },
      "8": {
        "start": { "line": 10, "column": 22 },
        "end": { "line": 10, "column": 32 }
      },
      "9": {
        "start": { "line": 11, "column": 21 },
        "end": { "line": 11, "column": 39 }
      },
      "10": {
        "start": { "line": 12, "column": 25 },
        "end": { "line": 12, "column": 59 }
      },
      "11": {
        "start": { "line": 13, "column": 24 },
        "end": { "line": 13, "column": 36 }
      },
      "12": {
        "start": { "line": 16, "column": 2 },
        "end": { "line": 16, "column": 25 }
      },
      "13": {
        "start": { "line": 16, "column": 12 },
        "end": { "line": 16, "column": 25 }
      },
      "14": {
        "start": { "line": 17, "column": 2 },
        "end": { "line": 32, "column": 3 }
      },
      "15": {
        "start": { "line": 18, "column": 22 },
        "end": { "line": 18, "column": 34 }
      },
      "16": {
        "start": { "line": 19, "column": 4 },
        "end": { "line": 19, "column": 54 }
      },
      "17": {
        "start": { "line": 19, "column": 41 },
        "end": { "line": 19, "column": 54 }
      },
      "18": {
        "start": { "line": 20, "column": 4 },
        "end": { "line": 25, "column": 5 }
      },
      "19": {
        "start": { "line": 24, "column": 6 },
        "end": { "line": 24, "column": 19 }
      },
      "20": {
        "start": { "line": 28, "column": 24 },
        "end": { "line": 28, "column": 62 }
      },
      "21": {
        "start": { "line": 29, "column": 4 },
        "end": { "line": 29, "column": 70 }
      },
      "22": {
        "start": { "line": 31, "column": 4 },
        "end": { "line": 31, "column": 17 }
      },
      "23": {
        "start": { "line": 35, "column": 0 },
        "end": { "line": 48, "column": 1 }
      },
      "24": {
        "start": { "line": 36, "column": 2 },
        "end": { "line": 41, "column": 3 }
      },
      "25": {
        "start": { "line": 37, "column": 4 },
        "end": { "line": 39, "column": 6 }
      },
      "26": {
        "start": { "line": 40, "column": 4 },
        "end": { "line": 40, "column": 20 }
      },
      "27": {
        "start": { "line": 42, "column": 2 },
        "end": { "line": 47, "column": 3 }
      },
      "28": {
        "start": { "line": 43, "column": 4 },
        "end": { "line": 45, "column": 6 }
      },
      "29": {
        "start": { "line": 46, "column": 4 },
        "end": { "line": 46, "column": 20 }
      },
      "30": {
        "start": { "line": 50, "column": 19 },
        "end": { "line": 50, "column": 37 }
      },
      "31": {
        "start": { "line": 51, "column": 14 },
        "end": { "line": 51, "column": 71 }
      },
      "32": {
        "start": { "line": 51, "column": 22 },
        "end": { "line": 51, "column": 71 }
      },
      "33": {
        "start": { "line": 51, "column": 47 },
        "end": { "line": 51, "column": 70 }
      },
      "34": {
        "start": { "line": 54, "column": 13 },
        "end": { "line": 54, "column": 14 }
      },
      "35": {
        "start": { "line": 55, "column": 18 },
        "end": { "line": 55, "column": 42 }
      },
      "36": {
        "start": { "line": 56, "column": 17 },
        "end": { "line": 56, "column": 19 }
      },
      "37": {
        "start": { "line": 57, "column": 2 },
        "end": { "line": 71, "column": 3 }
      },
      "38": {
        "start": { "line": 58, "column": 4 },
        "end": { "line": 64, "column": 5 }
      },
      "39": {
        "start": { "line": 59, "column": 6 },
        "end": { "line": 59, "column": 27 }
      },
      "40": {
        "start": { "line": 60, "column": 6 },
        "end": { "line": 62, "column": 7 }
      },
      "41": {
        "start": { "line": 61, "column": 8 },
        "end": { "line": 61, "column": 60 }
      },
      "42": {
        "start": { "line": 63, "column": 6 },
        "end": { "line": 63, "column": 59 }
      },
      "43": {
        "start": { "line": 65, "column": 4 },
        "end": { "line": 65, "column": 34 }
      },
      "44": {
        "start": { "line": 66, "column": 4 },
        "end": { "line": 66, "column": 27 }
      },
      "45": {
        "start": { "line": 68, "column": 4 },
        "end": { "line": 68, "column": 28 }
      },
      "46": {
        "start": { "line": 69, "column": 4 },
        "end": { "line": 69, "column": 71 }
      },
      "47": {
        "start": { "line": 70, "column": 4 },
        "end": { "line": 70, "column": 16 }
      },
      "48": {
        "start": { "line": 75, "column": 17 },
        "end": { "line": 78, "column": 4 }
      },
      "49": {
        "start": { "line": 80, "column": 17 },
        "end": { "line": 80, "column": 38 }
      },
      "50": {
        "start": { "line": 81, "column": 16 },
        "end": { "line": 81, "column": 42 }
      },
      "51": {
        "start": { "line": 83, "column": 2 },
        "end": { "line": 88, "column": 3 }
      },
      "52": {
        "start": { "line": 84, "column": 4 },
        "end": { "line": 86, "column": 6 }
      },
      "53": {
        "start": { "line": 87, "column": 4 },
        "end": { "line": 87, "column": 16 }
      },
      "54": {
        "start": { "line": 89, "column": 2 },
        "end": { "line": 89, "column": 48 }
      },
      "55": {
        "start": { "line": 93, "column": 17 },
        "end": { "line": 93, "column": 53 }
      },
      "56": {
        "start": { "line": 95, "column": 2 },
        "end": { "line": 95, "column": 66 }
      },
      "57": {
        "start": { "line": 96, "column": 21 },
        "end": { "line": 96, "column": 42 }
      },
      "58": {
        "start": { "line": 97, "column": 20 },
        "end": { "line": 97, "column": 63 }
      },
      "59": {
        "start": { "line": 97, "column": 37 },
        "end": { "line": 97, "column": 55 }
      },
      "60": {
        "start": { "line": 99, "column": 18 },
        "end": { "line": 99, "column": 20 }
      },
      "61": {
        "start": { "line": 100, "column": 2 },
        "end": { "line": 102, "column": 3 }
      },
      "62": {
        "start": { "line": 101, "column": 4 },
        "end": { "line": 101, "column": 36 }
      },
      "63": {
        "start": { "line": 104, "column": 19 },
        "end": { "line": 107, "column": 4 }
      },
      "64": {
        "start": { "line": 109, "column": 2 },
        "end": { "line": 113, "column": 3 }
      },
      "65": {
        "start": { "line": 110, "column": 4 },
        "end": { "line": 110, "column": 28 }
      },
      "66": {
        "start": { "line": 111, "column": 4 },
        "end": { "line": 111, "column": 54 }
      },
      "67": {
        "start": { "line": 112, "column": 4 },
        "end": { "line": 112, "column": 43 }
      },
      "68": {
        "start": { "line": 115, "column": 2 },
        "end": { "line": 119, "column": 3 }
      },
      "69": {
        "start": { "line": 116, "column": 4 },
        "end": { "line": 116, "column": 28 }
      },
      "70": {
        "start": { "line": 117, "column": 4 },
        "end": { "line": 117, "column": 73 }
      },
      "71": {
        "start": { "line": 118, "column": 4 },
        "end": { "line": 118, "column": 16 }
      },
      "72": {
        "start": { "line": 121, "column": 18 },
        "end": { "line": 121, "column": 46 }
      },
      "73": {
        "start": { "line": 123, "column": 19 },
        "end": { "line": 123, "column": 34 }
      },
      "74": {
        "start": { "line": 124, "column": 24 },
        "end": { "line": 124, "column": 62 }
      },
      "75": {
        "start": { "line": 125, "column": 2 },
        "end": { "line": 129, "column": 3 }
      },
      "76": {
        "start": { "line": 126, "column": 4 },
        "end": { "line": 126, "column": 28 }
      },
      "77": {
        "start": { "line": 127, "column": 4 },
        "end": { "line": 127, "column": 59 }
      },
      "78": {
        "start": { "line": 128, "column": 4 },
        "end": { "line": 128, "column": 16 }
      },
      "79": {
        "start": { "line": 131, "column": 18 },
        "end": { "line": 131, "column": 65 }
      },
      "80": {
        "start": { "line": 132, "column": 2 },
        "end": { "line": 132, "column": 28 }
      },
      "81": {
        "start": { "line": 132, "column": 16 },
        "end": { "line": 132, "column": 28 }
      },
      "82": {
        "start": { "line": 134, "column": 2 },
        "end": { "line": 134, "column": 26 }
      },
      "83": {
        "start": { "line": 136, "column": 19 },
        "end": { "line": 136, "column": 39 }
      },
      "84": {
        "start": { "line": 137, "column": 2 },
        "end": { "line": 137, "column": 29 }
      },
      "85": {
        "start": { "line": 137, "column": 17 },
        "end": { "line": 137, "column": 29 }
      },
      "86": {
        "start": { "line": 139, "column": 2 },
        "end": { "line": 139, "column": 72 }
      },
      "87": {
        "start": { "line": 140, "column": 2 },
        "end": { "line": 140, "column": 31 }
      },
      "88": {
        "start": { "line": 144, "column": 14 },
        "end": { "line": 144, "column": 70 }
      },
      "89": {
        "start": { "line": 145, "column": 2 },
        "end": { "line": 155, "column": 3 }
      },
      "90": {
        "start": { "line": 146, "column": 17 },
        "end": { "line": 146, "column": 62 }
      },
      "91": {
        "start": { "line": 147, "column": 4 },
        "end": { "line": 147, "column": 29 }
      },
      "92": {
        "start": { "line": 149, "column": 4 },
        "end": { "line": 154, "column": 5 }
      },
      "93": {
        "start": { "line": 150, "column": 6 },
        "end": { "line": 153, "column": 8 }
      },
      "94": {
        "start": { "line": 156, "column": 2 },
        "end": { "line": 156, "column": 15 }
      },
      "95": {
        "start": { "line": 160, "column": 24 },
        "end": { "line": 160, "column": 43 }
      },
      "96": {
        "start": { "line": 161, "column": 2 },
        "end": { "line": 161, "column": 76 }
      },
      "97": {
        "start": { "line": 162, "column": 2 },
        "end": { "line": 162, "column": 53 }
      },
      "98": {
        "start": { "line": 163, "column": 2 },
        "end": { "line": 163, "column": 39 }
      },
      "99": {
        "start": { "line": 167, "column": 2 },
        "end": { "line": 264, "column": 3 }
      },
      "100": {
        "start": { "line": 168, "column": 16 },
        "end": { "line": 168, "column": 39 }
      },
      "101": {
        "start": { "line": 170, "column": 24 },
        "end": { "line": 170, "column": 66 }
      },
      "102": {
        "start": { "line": 171, "column": 4 },
        "end": { "line": 171, "column": 29 }
      },
      "103": {
        "start": { "line": 171, "column": 22 },
        "end": { "line": 171, "column": 29 }
      },
      "104": {
        "start": { "line": 173, "column": 34 },
        "end": { "line": 173, "column": 45 }
      },
      "105": {
        "start": { "line": 175, "column": 23 },
        "end": { "line": 175, "column": 28 }
      },
      "106": {
        "start": { "line": 177, "column": 4 },
        "end": { "line": 180, "column": 5 }
      },
      "107": {
        "start": { "line": 178, "column": 6 },
        "end": { "line": 178, "column": 27 }
      },
      "108": {
        "start": { "line": 179, "column": 6 },
        "end": { "line": 179, "column": 26 }
      },
      "109": {
        "start": { "line": 182, "column": 4 },
        "end": { "line": 188, "column": 5 }
      },
      "110": {
        "start": { "line": 184, "column": 6 },
        "end": { "line": 186, "column": 7 }
      },
      "111": {
        "start": { "line": 185, "column": 8 },
        "end": { "line": 185, "column": 37 }
      },
      "112": {
        "start": { "line": 187, "column": 6 },
        "end": { "line": 187, "column": 13 }
      },
      "113": {
        "start": { "line": 190, "column": 25 },
        "end": { "line": 190, "column": 30 }
      },
      "114": {
        "start": { "line": 191, "column": 23 },
        "end": { "line": 191, "column": 28 }
      },
      "115": {
        "start": { "line": 193, "column": 4 },
        "end": { "line": 248, "column": 5 }
      },
      "116": {
        "start": { "line": 193, "column": 17 },
        "end": { "line": 193, "column": 18 }
      },
      "117": {
        "start": { "line": 194, "column": 19 },
        "end": { "line": 194, "column": 30 }
      },
      "118": {
        "start": { "line": 195, "column": 25 },
        "end": { "line": 195, "column": 57 }
      },
      "119": {
        "start": { "line": 197, "column": 8 },
        "end": { "line": 201, "column": 23 }
      },
      "120": {
        "start": { "line": 204, "column": 6 },
        "end": { "line": 223, "column": 7 }
      },
      "121": {
        "start": { "line": 209, "column": 8 },
        "end": { "line": 209, "column": 30 }
      },
      "122": {
        "start": { "line": 210, "column": 8 },
        "end": { "line": 222, "column": 9 }
      },
      "123": {
        "start": { "line": 211, "column": 23 },
        "end": { "line": 216, "column": 11 }
      },
      "124": {
        "start": { "line": 217, "column": 26 },
        "end": { "line": 217, "column": 69 }
      },
      "125": {
        "start": { "line": 218, "column": 10 },
        "end": { "line": 221, "column": 11 }
      },
      "126": {
        "start": { "line": 219, "column": 12 },
        "end": { "line": 219, "column": 45 }
      },
      "127": {
        "start": { "line": 220, "column": 12 },
        "end": { "line": 220, "column": 32 }
      },
      "128": {
        "start": { "line": 226, "column": 6 },
        "end": { "line": 245, "column": 7 }
      },
      "129": {
        "start": { "line": 231, "column": 8 },
        "end": { "line": 231, "column": 28 }
      },
      "130": {
        "start": { "line": 232, "column": 8 },
        "end": { "line": 244, "column": 9 }
      },
      "131": {
        "start": { "line": 233, "column": 23 },
        "end": { "line": 238, "column": 11 }
      },
      "132": {
        "start": { "line": 239, "column": 26 },
        "end": { "line": 239, "column": 67 }
      },
      "133": {
        "start": { "line": 240, "column": 10 },
        "end": { "line": 243, "column": 11 }
      },
      "134": {
        "start": { "line": 241, "column": 12 },
        "end": { "line": 241, "column": 43 }
      },
      "135": {
        "start": { "line": 242, "column": 12 },
        "end": { "line": 242, "column": 32 }
      },
      "136": {
        "start": { "line": 247, "column": 6 },
        "end": { "line": 247, "column": 48 }
      },
      "137": {
        "start": { "line": 247, "column": 42 },
        "end": { "line": 247, "column": 48 }
      },
      "138": {
        "start": { "line": 250, "column": 4 },
        "end": { "line": 256, "column": 5 }
      },
      "139": {
        "start": { "line": 251, "column": 6 },
        "end": { "line": 251, "column": 35 }
      },
      "140": {
        "start": { "line": 253, "column": 6 },
        "end": { "line": 255, "column": 8 }
      },
      "141": {
        "start": { "line": 258, "column": 4 },
        "end": { "line": 262, "column": 5 }
      },
      "142": {
        "start": { "line": 259, "column": 6 },
        "end": { "line": 259, "column": 76 }
      },
      "143": {
        "start": { "line": 261, "column": 6 },
        "end": { "line": 261, "column": 48 }
      },
      "144": {
        "start": { "line": 263, "column": 4 },
        "end": { "line": 263, "column": 20 }
      },
      "145": {
        "start": { "line": 267, "column": 22 },
        "end": { "line": 273, "column": 1 }
      },
      "146": {
        "start": { "line": 274, "column": 26 },
        "end": { "line": 274, "column": 65 }
      },
      "147": {
        "start": { "line": 277, "column": 14 },
        "end": { "line": 277, "column": 26 }
      },
      "148": {
        "start": { "line": 278, "column": 2 },
        "end": { "line": 278, "column": 42 }
      },
      "149": {
        "start": { "line": 278, "column": 31 },
        "end": { "line": 278, "column": 42 }
      },
      "150": {
        "start": { "line": 279, "column": 2 },
        "end": { "line": 279, "column": 73 }
      },
      "151": {
        "start": { "line": 279, "column": 51 },
        "end": { "line": 279, "column": 71 }
      },
      "152": {
        "start": { "line": 283, "column": 19 },
        "end": { "line": 283, "column": 41 }
      },
      "153": {
        "start": { "line": 284, "column": 18 },
        "end": { "line": 286, "column": 10 }
      },
      "154": {
        "start": { "line": 287, "column": 2 },
        "end": { "line": 287, "column": 66 }
      },
      "155": {
        "start": { "line": 287, "column": 31 },
        "end": { "line": 287, "column": 66 }
      },
      "156": {
        "start": { "line": 288, "column": 2 },
        "end": { "line": 288, "column": 19 }
      },
      "157": {
        "start": { "line": 292, "column": 23 },
        "end": { "line": 292, "column": 32 }
      },
      "158": {
        "start": { "line": 294, "column": 20 },
        "end": { "line": 294, "column": 49 }
      },
      "159": {
        "start": { "line": 296, "column": 25 },
        "end": { "line": 296, "column": 68 }
      },
      "160": {
        "start": { "line": 297, "column": 18 },
        "end": { "line": 297, "column": 63 }
      },
      "161": {
        "start": { "line": 298, "column": 14 },
        "end": { "line": 298, "column": 35 }
      },
      "162": {
        "start": { "line": 300, "column": 2 },
        "end": { "line": 308, "column": 3 }
      },
      "163": {
        "start": { "line": 300, "column": 15 },
        "end": { "line": 300, "column": 16 }
      },
      "164": {
        "start": { "line": 301, "column": 15 },
        "end": { "line": 301, "column": 30 }
      },
      "165": {
        "start": { "line": 302, "column": 4 },
        "end": { "line": 307, "column": 5 }
      },
      "166": {
        "start": { "line": 303, "column": 23 },
        "end": { "line": 303, "column": 46 }
      },
      "167": {
        "start": { "line": 304, "column": 6 },
        "end": { "line": 306, "column": 7 }
      },
      "168": {
        "start": { "line": 305, "column": 8 },
        "end": { "line": 305, "column": 39 }
      },
      "169": {
        "start": { "line": 310, "column": 2 },
        "end": { "line": 323, "column": 3 }
      },
      "170": {
        "start": { "line": 311, "column": 4 },
        "end": { "line": 322, "column": 5 }
      },
      "171": {
        "start": { "line": 312, "column": 20 },
        "end": { "line": 312, "column": 64 }
      },
      "172": {
        "start": { "line": 313, "column": 23 },
        "end": { "line": 313, "column": 49 }
      },
      "173": {
        "start": { "line": 315, "column": 6 },
        "end": { "line": 321, "column": 7 }
      },
      "174": {
        "start": { "line": 320, "column": 8 },
        "end": { "line": 320, "column": 39 }
      },
      "175": {
        "start": { "line": 325, "column": 2 },
        "end": { "line": 339, "column": 3 }
      },
      "176": {
        "start": { "line": 326, "column": 21 },
        "end": { "line": 326, "column": 54 }
      },
      "177": {
        "start": { "line": 327, "column": 22 },
        "end": { "line": 330, "column": 13 }
      },
      "178": {
        "start": { "line": 332, "column": 16 },
        "end": { "line": 332, "column": 61 }
      },
      "179": {
        "start": { "line": 333, "column": 4 },
        "end": { "line": 338, "column": 5 }
      },
      "180": {
        "start": { "line": 333, "column": 17 },
        "end": { "line": 333, "column": 18 }
      },
      "181": {
        "start": { "line": 334, "column": 17 },
        "end": { "line": 334, "column": 32 }
      },
      "182": {
        "start": { "line": 335, "column": 6 },
        "end": { "line": 337, "column": 7 }
      },
      "183": {
        "start": { "line": 336, "column": 8 },
        "end": { "line": 336, "column": 33 }
      },
      "184": {
        "start": { "line": 341, "column": 2 },
        "end": { "line": 341, "column": 36 }
      },
      "185": {
        "start": { "line": 345, "column": 2 },
        "end": { "line": 346, "column": 56 }
      },
      "186": {
        "start": { "line": 346, "column": 4 },
        "end": { "line": 346, "column": 56 }
      },
      "187": {
        "start": { "line": 347, "column": 23 },
        "end": { "line": 347, "column": 25 }
      },
      "188": {
        "start": { "line": 348, "column": 2 },
        "end": { "line": 359, "column": 3 }
      },
      "189": {
        "start": { "line": 348, "column": 15 },
        "end": { "line": 348, "column": 16 }
      },
      "190": {
        "start": { "line": 349, "column": 18 },
        "end": { "line": 349, "column": 30 }
      },
      "191": {
        "start": { "line": 351, "column": 4 },
        "end": { "line": 358, "column": 5 }
      },
      "192": {
        "start": { "line": 352, "column": 23 },
        "end": { "line": 352, "column": 43 }
      },
      "193": {
        "start": { "line": 353, "column": 18 },
        "end": { "line": 353, "column": 57 }
      },
      "194": {
        "start": { "line": 354, "column": 21 },
        "end": { "line": 354, "column": 57 }
      },
      "195": {
        "start": { "line": 355, "column": 6 },
        "end": { "line": 355, "column": 64 }
      },
      "196": {
        "start": { "line": 357, "column": 6 },
        "end": { "line": 357, "column": 54 }
      },
      "197": {
        "start": { "line": 360, "column": 2 },
        "end": { "line": 360, "column": 42 }
      },
      "198": {
        "start": { "line": 364, "column": 15 },
        "end": { "line": 364, "column": 25 }
      },
      "199": {
        "start": { "line": 365, "column": 19 },
        "end": { "line": 365, "column": 21 }
      },
      "200": {
        "start": { "line": 367, "column": 23 },
        "end": { "line": 367, "column": 60 }
      },
      "201": {
        "start": { "line": 369, "column": 25 },
        "end": { "line": 369, "column": 27 }
      },
      "202": {
        "start": { "line": 370, "column": 28 },
        "end": { "line": 370, "column": 30 }
      },
      "203": {
        "start": { "line": 372, "column": 2 },
        "end": { "line": 402, "column": 3 }
      },
      "204": {
        "start": { "line": 373, "column": 20 },
        "end": { "line": 373, "column": 42 }
      },
      "205": {
        "start": { "line": 374, "column": 22 },
        "end": { "line": 374, "column": 30 }
      },
      "206": {
        "start": { "line": 376, "column": 4 },
        "end": { "line": 376, "column": 49 }
      },
      "207": {
        "start": { "line": 376, "column": 40 },
        "end": { "line": 376, "column": 49 }
      },
      "208": {
        "start": { "line": 378, "column": 24 },
        "end": { "line": 378, "column": 62 }
      },
      "209": {
        "start": { "line": 380, "column": 4 },
        "end": { "line": 401, "column": 5 }
      },
      "210": {
        "start": { "line": 381, "column": 6 },
        "end": { "line": 400, "column": 7 }
      },
      "211": {
        "start": { "line": 383, "column": 8 },
        "end": { "line": 383, "column": 39 }
      },
      "212": {
        "start": { "line": 384, "column": 8 },
        "end": { "line": 384, "column": 14 }
      },
      "213": {
        "start": { "line": 385, "column": 13 },
        "end": { "line": 400, "column": 7 }
      },
      "214": {
        "start": { "line": 387, "column": 8 },
        "end": { "line": 387, "column": 35 }
      },
      "215": {
        "start": { "line": 389, "column": 20 },
        "end": { "line": 389, "column": 25 }
      },
      "216": {
        "start": { "line": 390, "column": 8 },
        "end": { "line": 396, "column": 9 }
      },
      "217": {
        "start": { "line": 391, "column": 29 },
        "end": { "line": 391, "column": 72 }
      },
      "218": {
        "start": { "line": 392, "column": 10 },
        "end": { "line": 395, "column": 11 }
      },
      "219": {
        "start": { "line": 393, "column": 12 },
        "end": { "line": 393, "column": 25 }
      },
      "220": {
        "start": { "line": 394, "column": 12 },
        "end": { "line": 394, "column": 18 }
      },
      "221": {
        "start": { "line": 397, "column": 8 },
        "end": { "line": 399, "column": 9 }
      },
      "222": {
        "start": { "line": 398, "column": 10 },
        "end": { "line": 398, "column": 44 }
      },
      "223": {
        "start": { "line": 404, "column": 2 },
        "end": { "line": 408, "column": 3 }
      },
      "224": {
        "start": { "line": 405, "column": 4 },
        "end": { "line": 405, "column": 34 }
      },
      "225": {
        "start": { "line": 406, "column": 9 },
        "end": { "line": 408, "column": 3 }
      },
      "226": {
        "start": { "line": 407, "column": 4 },
        "end": { "line": 407, "column": 37 }
      },
      "227": {
        "start": { "line": 410, "column": 2 },
        "end": { "line": 432, "column": 3 }
      },
      "228": {
        "start": { "line": 411, "column": 4 },
        "end": { "line": 414, "column": 6 }
      },
      "229": {
        "start": { "line": 416, "column": 4 },
        "end": { "line": 419, "column": 6 }
      },
      "230": {
        "start": { "line": 420, "column": 4 },
        "end": { "line": 425, "column": 5 }
      },
      "231": {
        "start": { "line": 421, "column": 6 },
        "end": { "line": 424, "column": 8 }
      },
      "232": {
        "start": { "line": 426, "column": 4 },
        "end": { "line": 431, "column": 5 }
      },
      "233": {
        "start": { "line": 427, "column": 6 },
        "end": { "line": 430, "column": 8 }
      },
      "234": {
        "start": { "line": 434, "column": 2 },
        "end": { "line": 434, "column": 16 }
      },
      "235": {
        "start": { "line": 438, "column": 23 },
        "end": { "line": 438, "column": 84 }
      },
      "236": {
        "start": { "line": 439, "column": 2 },
        "end": { "line": 439, "column": 69 }
      },
      "237": {
        "start": { "line": 441, "column": 2 },
        "end": { "line": 443, "column": 3 }
      },
      "238": {
        "start": { "line": 442, "column": 4 },
        "end": { "line": 442, "column": 73 }
      },
      "239": {
        "start": { "line": 445, "column": 2 },
        "end": { "line": 449, "column": 4 }
      },
      "240": {
        "start": { "line": 453, "column": 17 },
        "end": { "line": 456, "column": 3 }
      },
      "241": {
        "start": { "line": 458, "column": 15 },
        "end": { "line": 458, "column": 43 }
      },
      "242": {
        "start": { "line": 460, "column": 19 },
        "end": { "line": 460, "column": 34 }
      },
      "243": {
        "start": { "line": 461, "column": 21 },
        "end": { "line": 461, "column": 36 }
      },
      "244": {
        "start": { "line": 462, "column": 19 },
        "end": { "line": 462, "column": 57 }
      },
      "245": {
        "start": { "line": 463, "column": 21 },
        "end": { "line": 463, "column": 54 }
      },
      "246": {
        "start": { "line": 465, "column": 2 },
        "end": { "line": 465, "column": 56 }
      },
      "247": {
        "start": { "line": 469, "column": 23 },
        "end": { "line": 469, "column": 65 }
      },
      "248": {
        "start": { "line": 470, "column": 23 },
        "end": { "line": 470, "column": 90 }
      },
      "249": {
        "start": { "line": 471, "column": 2 },
        "end": { "line": 471, "column": 79 }
      },
      "250": {
        "start": { "line": 473, "column": 2 },
        "end": { "line": 477, "column": 4 }
      },
      "251": {
        "start": { "line": 481, "column": 25 },
        "end": { "line": 481, "column": 45 }
      },
      "252": {
        "start": { "line": 484, "column": 2 },
        "end": { "line": 488, "column": 3 }
      },
      "253": {
        "start": { "line": 485, "column": 4 },
        "end": { "line": 485, "column": 65 }
      },
      "254": {
        "start": { "line": 487, "column": 4 },
        "end": { "line": 487, "column": 67 }
      },
      "255": {
        "start": { "line": 490, "column": 17 },
        "end": { "line": 490, "column": 19 }
      },
      "256": {
        "start": { "line": 491, "column": 19 },
        "end": { "line": 493, "column": 3 }
      },
      "257": {
        "start": { "line": 494, "column": 2 },
        "end": { "line": 494, "column": 39 }
      },
      "258": {
        "start": { "line": 494, "column": 16 },
        "end": { "line": 494, "column": 39 }
      },
      "259": {
        "start": { "line": 496, "column": 2 },
        "end": { "line": 496, "column": 37 }
      },
      "260": {
        "start": { "line": 500, "column": 61 },
        "end": { "line": 500, "column": 74 }
      },
      "261": {
        "start": { "line": 502, "column": 20 },
        "end": { "line": 509, "column": 3 }
      },
      "262": {
        "start": { "line": 511, "column": 2 },
        "end": { "line": 513, "column": 3 }
      },
      "263": {
        "start": { "line": 512, "column": 4 },
        "end": { "line": 512, "column": 40 }
      },
      "264": {
        "start": { "line": 515, "column": 18 },
        "end": { "line": 520, "column": 3 }
      },
      "265": {
        "start": { "line": 522, "column": 2 },
        "end": { "line": 522, "column": 17 }
      },
      "266": {
        "start": { "line": 526, "column": 21 },
        "end": { "line": 526, "column": 42 }
      },
      "267": {
        "start": { "line": 527, "column": 20 },
        "end": { "line": 527, "column": 63 }
      },
      "268": {
        "start": { "line": 527, "column": 37 },
        "end": { "line": 527, "column": 55 }
      },
      "269": {
        "start": { "line": 529, "column": 2 },
        "end": { "line": 542, "column": 3 }
      },
      "270": {
        "start": { "line": 530, "column": 16 },
        "end": { "line": 536, "column": 6 }
      },
      "271": {
        "start": { "line": 537, "column": 4 },
        "end": { "line": 537, "column": 32 }
      },
      "272": {
        "start": { "line": 539, "column": 4 },
        "end": { "line": 539, "column": 32 }
      },
      "273": {
        "start": { "line": 541, "column": 4 },
        "end": { "line": 541, "column": 28 }
      },
      "274": {
        "start": { "line": 546, "column": 2 },
        "end": { "line": 546, "column": 67 }
      },
      "275": {
        "start": { "line": 548, "column": 2 },
        "end": { "line": 592, "column": 3 }
      },
      "276": {
        "start": { "line": 548, "column": 21 },
        "end": { "line": 548, "column": 22 }
      },
      "277": {
        "start": { "line": 549, "column": 27 },
        "end": { "line": 549, "column": 60 }
      },
      "278": {
        "start": { "line": 551, "column": 4 },
        "end": { "line": 566, "column": 5 }
      },
      "279": {
        "start": { "line": 552, "column": 6 },
        "end": { "line": 560, "column": 7 }
      },
      "280": {
        "start": { "line": 553, "column": 8 },
        "end": { "line": 555, "column": 10 }
      },
      "281": {
        "start": { "line": 557, "column": 8 },
        "end": { "line": 559, "column": 10 }
      },
      "282": {
        "start": { "line": 561, "column": 6 },
        "end": { "line": 564, "column": 7 }
      },
      "283": {
        "start": { "line": 562, "column": 8 },
        "end": { "line": 562, "column": 26 }
      },
      "284": {
        "start": { "line": 563, "column": 8 },
        "end": { "line": 563, "column": 17 }
      },
      "285": {
        "start": { "line": 565, "column": 6 },
        "end": { "line": 565, "column": 19 }
      },
      "286": {
        "start": { "line": 568, "column": 4 },
        "end": { "line": 571, "column": 5 }
      },
      "287": {
        "start": { "line": 569, "column": 6 },
        "end": { "line": 569, "column": 62 }
      },
      "288": {
        "start": { "line": 570, "column": 6 },
        "end": { "line": 570, "column": 18 }
      },
      "289": {
        "start": { "line": 573, "column": 4 },
        "end": { "line": 586, "column": 5 }
      },
      "290": {
        "start": { "line": 574, "column": 25 },
        "end": { "line": 574, "column": 68 }
      },
      "291": {
        "start": { "line": 575, "column": 6 },
        "end": { "line": 580, "column": 7 }
      },
      "292": {
        "start": { "line": 576, "column": 8 },
        "end": { "line": 578, "column": 10 }
      },
      "293": {
        "start": { "line": 579, "column": 8 },
        "end": { "line": 579, "column": 21 }
      },
      "294": {
        "start": { "line": 581, "column": 6 },
        "end": { "line": 583, "column": 8 }
      },
      "295": {
        "start": { "line": 584, "column": 6 },
        "end": { "line": 584, "column": 37 }
      },
      "296": {
        "start": { "line": 585, "column": 6 },
        "end": { "line": 585, "column": 15 }
      },
      "297": {
        "start": { "line": 588, "column": 22 },
        "end": { "line": 588, "column": 38 }
      },
      "298": {
        "start": { "line": 589, "column": 4 },
        "end": { "line": 589, "column": 70 }
      },
      "299": {
        "start": { "line": 590, "column": 4 },
        "end": { "line": 590, "column": 42 }
      },
      "300": {
        "start": { "line": 591, "column": 4 },
        "end": { "line": 591, "column": 17 }
      },
      "301": {
        "start": { "line": 594, "column": 2 },
        "end": { "line": 594, "column": 15 }
      },
      "302": {
        "start": { "line": 598, "column": 24 },
        "end": { "line": 598, "column": 52 }
      },
      "303": {
        "start": { "line": 599, "column": 18 },
        "end": { "line": 599, "column": 59 }
      },
      "304": {
        "start": { "line": 600, "column": 2 },
        "end": { "line": 600, "column": 60 }
      },
      "305": {
        "start": { "line": 603, "column": 0 },
        "end": { "line": 605, "column": 1 }
      },
      "306": {
        "start": { "line": 604, "column": 2 },
        "end": { "line": 604, "column": 28 }
      },
      "307": {
        "start": { "line": 607, "column": 0 },
        "end": { "line": 619, "column": 2 }
      }
    },
    "fnMap": {
      "0": {
        "name": "isValidWebhookUrl",
        "decl": {
          "start": { "line": 15, "column": 9 },
          "end": { "line": 15, "column": 26 }
        },
        "loc": {
          "start": { "line": 15, "column": 32 },
          "end": { "line": 33, "column": 1 }
        },
        "line": 15
      },
      "1": {
        "name": "(anonymous_1)",
        "decl": {
          "start": { "line": 51, "column": 14 },
          "end": { "line": 51, "column": 15 }
        },
        "loc": {
          "start": { "line": 51, "column": 22 },
          "end": { "line": 51, "column": 71 }
        },
        "line": 51
      },
      "2": {
        "name": "(anonymous_2)",
        "decl": {
          "start": { "line": 51, "column": 34 },
          "end": { "line": 51, "column": 35 }
        },
        "loc": {
          "start": { "line": 51, "column": 47 },
          "end": { "line": 51, "column": 70 }
        },
        "line": 51
      },
      "3": {
        "name": "readStream",
        "decl": {
          "start": { "line": 53, "column": 15 },
          "end": { "line": 53, "column": 25 }
        },
        "loc": {
          "start": { "line": 53, "column": 56 },
          "end": { "line": 72, "column": 1 }
        },
        "line": 53
      },
      "4": {
        "name": "parseRssXml",
        "decl": {
          "start": { "line": 74, "column": 9 },
          "end": { "line": 74, "column": 20 }
        },
        "loc": {
          "start": { "line": 74, "column": 30 },
          "end": { "line": 90, "column": 1 }
        },
        "line": 74
      },
      "5": {
        "name": "fetchPlayStationBlogFeed",
        "decl": {
          "start": { "line": 92, "column": 15 },
          "end": { "line": 92, "column": 39 }
        },
        "loc": {
          "start": { "line": 92, "column": 53 },
          "end": { "line": 141, "column": 1 }
        },
        "line": 92
      },
      "6": {
        "name": "(anonymous_6)",
        "decl": {
          "start": { "line": 97, "column": 31 },
          "end": { "line": 97, "column": 32 }
        },
        "loc": {
          "start": { "line": 97, "column": 37 },
          "end": { "line": 97, "column": 55 }
        },
        "line": 97
      },
      "7": {
        "name": "loadMemoryState",
        "decl": {
          "start": { "line": 143, "column": 15 },
          "end": { "line": 143, "column": 30 }
        },
        "loc": {
          "start": { "line": 143, "column": 33 },
          "end": { "line": 157, "column": 1 }
        },
        "line": 143
      },
      "8": {
        "name": "saveMemoryState",
        "decl": {
          "start": { "line": 159, "column": 15 },
          "end": { "line": 159, "column": 30 }
        },
        "loc": {
          "start": { "line": 159, "column": 38 },
          "end": { "line": 164, "column": 1 }
        },
        "line": 159
      },
      "9": {
        "name": "checkOfficialPSPlusFeed",
        "decl": {
          "start": { "line": 166, "column": 15 },
          "end": { "line": 166, "column": 38 }
        },
        "loc": {
          "start": { "line": 166, "column": 41 },
          "end": { "line": 265, "column": 1 }
        },
        "line": 166
      },
      "10": {
        "name": "decodeHtmlEntities",
        "decl": {
          "start": { "line": 276, "column": 9 },
          "end": { "line": 276, "column": 27 }
        },
        "loc": {
          "start": { "line": 276, "column": 34 },
          "end": { "line": 280, "column": 1 }
        },
        "line": 276
      },
      "11": {
        "name": "(anonymous_11)",
        "decl": {
          "start": { "line": 279, "column": 40 },
          "end": { "line": 279, "column": 41 }
        },
        "loc": {
          "start": { "line": 279, "column": 51 },
          "end": { "line": 279, "column": 71 }
        },
        "line": 279
      },
      "12": {
        "name": "isolateGameString",
        "decl": {
          "start": { "line": 282, "column": 9 },
          "end": { "line": 282, "column": 26 }
        },
        "loc": {
          "start": { "line": 282, "column": 36 },
          "end": { "line": 289, "column": 1 }
        },
        "line": 282
      },
      "13": {
        "name": "extractGameList",
        "decl": {
          "start": { "line": 291, "column": 9 },
          "end": { "line": 291, "column": 24 }
        },
        "loc": {
          "start": { "line": 291, "column": 56 },
          "end": { "line": 342, "column": 1 }
        },
        "line": 291
      },
      "14": {
        "name": "formatListText",
        "decl": {
          "start": { "line": 344, "column": 9 },
          "end": { "line": 344, "column": 23 }
        },
        "loc": {
          "start": { "line": 344, "column": 35 },
          "end": { "line": 361, "column": 1 }
        },
        "line": 344
      },
      "15": {
        "name": "splitCatalogBlocks",
        "decl": {
          "start": { "line": 363, "column": 9 },
          "end": { "line": 363, "column": 27 }
        },
        "loc": {
          "start": { "line": 363, "column": 38 },
          "end": { "line": 435, "column": 1 }
        },
        "line": 363
      },
      "16": {
        "name": "formatCatalogMessage",
        "decl": {
          "start": { "line": 437, "column": 9 },
          "end": { "line": 437, "column": 29 }
        },
        "loc": {
          "start": { "line": 437, "column": 56 },
          "end": { "line": 450, "column": 1 }
        },
        "line": 437
      },
      "17": {
        "name": "parseCatalogContent",
        "decl": {
          "start": { "line": 452, "column": 9 },
          "end": { "line": 452, "column": 28 }
        },
        "loc": {
          "start": { "line": 452, "column": 56 },
          "end": { "line": 466, "column": 1 }
        },
        "line": 452
      },
      "18": {
        "name": "parseEssentialContent",
        "decl": {
          "start": { "line": 468, "column": 9 },
          "end": { "line": 468, "column": 30 }
        },
        "loc": {
          "start": { "line": 468, "column": 58 },
          "end": { "line": 478, "column": 1 }
        },
        "line": 468
      },
      "19": {
        "name": "parseBlogContent",
        "decl": {
          "start": { "line": 480, "column": 9 },
          "end": { "line": 480, "column": 25 }
        },
        "loc": {
          "start": { "line": 480, "column": 38 },
          "end": { "line": 497, "column": 1 }
        },
        "line": 480
      },
      "20": {
        "name": "formatDiscordMessage",
        "decl": {
          "start": { "line": 499, "column": 9 },
          "end": { "line": 499, "column": 29 }
        },
        "loc": {
          "start": { "line": 499, "column": 51 },
          "end": { "line": 523, "column": 1 }
        },
        "line": 499
      },
      "21": {
        "name": "sendWebhookRequest",
        "decl": {
          "start": { "line": 525, "column": 15 },
          "end": { "line": 525, "column": 33 }
        },
        "loc": {
          "start": { "line": 525, "column": 43 },
          "end": { "line": 543, "column": 1 }
        },
        "line": 525
      },
      "22": {
        "name": "(anonymous_22)",
        "decl": {
          "start": { "line": 527, "column": 31 },
          "end": { "line": 527, "column": 32 }
        },
        "loc": {
          "start": { "line": 527, "column": 37 },
          "end": { "line": 527, "column": 55 }
        },
        "line": 527
      },
      "23": {
        "name": "executeWebhookWithRetry",
        "decl": {
          "start": { "line": 545, "column": 15 },
          "end": { "line": 545, "column": 38 }
        },
        "loc": {
          "start": { "line": 545, "column": 55 },
          "end": { "line": 595, "column": 1 }
        },
        "line": 545
      },
      "24": {
        "name": "processBlogContent",
        "decl": {
          "start": { "line": 597, "column": 15 },
          "end": { "line": 597, "column": 33 }
        },
        "loc": {
          "start": { "line": 597, "column": 46 },
          "end": { "line": 601, "column": 1 }
        },
        "line": 597
      }
    },
    "branchMap": {
      "0": {
        "loc": {
          "start": { "line": 7, "column": 21 },
          "end": { "line": 7, "column": 61 }
        },
        "type": "cond-expr",
        "locations": [
          {
            "start": { "line": 7, "column": 31 },
            "end": { "line": 7, "column": 47 }
          },
          {
            "start": { "line": 7, "column": 50 },
            "end": { "line": 7, "column": 61 }
          }
        ],
        "line": 7
      },
      "1": {
        "loc": {
          "start": { "line": 16, "column": 2 },
          "end": { "line": 16, "column": 25 }
        },
        "type": "if",
        "locations": [
          {
            "start": { "line": 16, "column": 2 },
            "end": { "line": 16, "column": 25 }
          },
          { "start": {}, "end": {} }
        ],
        "line": 16
      },
      "2": {
        "loc": {
          "start": { "line": 19, "column": 4 },
          "end": { "line": 19, "column": 54 }
        },
        "type": "if",
        "locations": [
          {
            "start": { "line": 19, "column": 4 },
            "end": { "line": 19, "column": 54 }
          },
          { "start": {}, "end": {} }
        ],
        "line": 19
      },
      "3": {
        "loc": {
          "start": { "line": 20, "column": 4 },
          "end": { "line": 25, "column": 5 }
        },
        "type": "if",
        "locations": [
          {
            "start": { "line": 20, "column": 4 },
            "end": { "line": 25, "column": 5 }
          },
          { "start": {}, "end": {} }
        ],
        "line": 20
      },
      "4": {
        "loc": {
          "start": { "line": 21, "column": 6 },
          "end": { "line": 22, "column": 45 }
        },
        "type": "binary-expr",
        "locations": [
          {
            "start": { "line": 21, "column": 6 },
            "end": { "line": 21, "column": 42 }
          },
          {
            "start": { "line": 22, "column": 6 },
            "end": { "line": 22, "column": 45 }
          }
        ],
        "line": 21
      },
      "5": {
        "loc": {
          "start": { "line": 35, "column": 0 },
          "end": { "line": 48, "column": 1 }
        },
        "type": "if",
        "locations": [
          {
            "start": { "line": 35, "column": 0 },
            "end": { "line": 48, "column": 1 }
          },
          { "start": {}, "end": {} }
        ],
        "line": 35
      },
      "6": {
        "loc": {
          "start": { "line": 36, "column": 2 },
          "end": { "line": 41, "column": 3 }
        },
        "type": "if",
        "locations": [
          {
            "start": { "line": 36, "column": 2 },
            "end": { "line": 41, "column": 3 }
          },
          { "start": {}, "end": {} }
        ],
        "line": 36
      },
      "7": {
        "loc": {
          "start": { "line": 42, "column": 2 },
          "end": { "line": 47, "column": 3 }
        },
        "type": "if",
        "locations": [
          {
            "start": { "line": 42, "column": 2 },
            "end": { "line": 47, "column": 3 }
          },
          { "start": {}, "end": {} }
        ],
        "line": 42
      },
      "8": {
        "loc": {
          "start": { "line": 60, "column": 6 },
          "end": { "line": 62, "column": 7 }
        },
        "type": "if",
        "locations": [
          {
            "start": { "line": 60, "column": 6 },
            "end": { "line": 62, "column": 7 }
          },
          { "start": {}, "end": {} }
        ],
        "line": 60
      },
      "9": {
        "loc": {
          "start": { "line": 83, "column": 2 },
          "end": { "line": 88, "column": 3 }
        },
        "type": "if",
        "locations": [
          {
            "start": { "line": 83, "column": 2 },
            "end": { "line": 88, "column": 3 }
          },
          { "start": {}, "end": {} }
        ],
        "line": 83
      },
      "10": {
        "loc": {
          "start": { "line": 89, "column": 9 },
          "end": { "line": 89, "column": 47 }
        },
        "type": "cond-expr",
        "locations": [
          {
            "start": { "line": 89, "column": 32 },
            "end": { "line": 89, "column": 37 }
          },
          {
            "start": { "line": 89, "column": 40 },
            "end": { "line": 89, "column": 47 }
          }
        ],
        "line": 89
      },
      "11": {
        "loc": {
          "start": { "line": 92, "column": 40 },
          "end": { "line": 92, "column": 51 }
        },
        "type": "default-arg",
        "locations": [
          {
            "start": { "line": 92, "column": 47 },
            "end": { "line": 92, "column": 51 }
          }
        ],
        "line": 92
      },
      "12": {
        "loc": {
          "start": { "line": 100, "column": 2 },
          "end": { "line": 102, "column": 3 }
        },
        "type": "if",
        "locations": [
          {
            "start": { "line": 100, "column": 2 },
            "end": { "line": 102, "column": 3 }
          },
          { "start": {}, "end": {} }
        ],
        "line": 100
      },
      "13": {
        "loc": {
          "start": { "line": 109, "column": 2 },
          "end": { "line": 113, "column": 3 }
        },
        "type": "if",
        "locations": [
          {
            "start": { "line": 109, "column": 2 },
            "end": { "line": 113, "column": 3 }
          },
          { "start": {}, "end": {} }
        ],
        "line": 109
      },
      "14": {
        "loc": {
          "start": { "line": 115, "column": 2 },
          "end": { "line": 119, "column": 3 }
        },
        "type": "if",
        "locations": [
          {
            "start": { "line": 115, "column": 2 },
            "end": { "line": 119, "column": 3 }
          },
          { "start": {}, "end": {} }
        ],
        "line": 115
      },
      "15": {
        "loc": {
          "start": { "line": 125, "column": 2 },
          "end": { "line": 129, "column": 3 }
        },
        "type": "if",
        "locations": [
          {
            "start": { "line": 125, "column": 2 },
            "end": { "line": 129, "column": 3 }
          },
          { "start": {}, "end": {} }
        ],
        "line": 125
      },
      "16": {
        "loc": {
          "start": { "line": 125, "column": 6 },
          "end": { "line": 125, "column": 61 }
        },
        "type": "binary-expr",
        "locations": [
          {
            "start": { "line": 125, "column": 6 },
            "end": { "line": 125, "column": 19 }
          },
          {
            "start": { "line": 125, "column": 23 },
            "end": { "line": 125, "column": 61 }
          }
        ],
        "line": 125
      },
      "17": {
        "loc": {
          "start": { "line": 132, "column": 2 },
          "end": { "line": 132, "column": 28 }
        },
        "type": "if",
        "locations": [
          {
            "start": { "line": 132, "column": 2 },
            "end": { "line": 132, "column": 28 }
          },
          { "start": {}, "end": {} }
        ],
        "line": 132
      },
      "18": {
        "loc": {
          "start": { "line": 137, "column": 2 },
          "end": { "line": 137, "column": 29 }
        },
        "type": "if",
        "locations": [
          {
            "start": { "line": 137, "column": 2 },
            "end": { "line": 137, "column": 29 }
          },
          { "start": {}, "end": {} }
        ],
        "line": 137
      },
      "19": {
        "loc": {
          "start": { "line": 149, "column": 4 },
          "end": { "line": 154, "column": 5 }
        },
        "type": "if",
        "locations": [
          {
            "start": { "line": 149, "column": 4 },
            "end": { "line": 154, "column": 5 }
          },
          { "start": {}, "end": {} }
        ],
        "line": 149
      },
      "20": {
        "loc": {
          "start": { "line": 171, "column": 4 },
          "end": { "line": 171, "column": 29 }
        },
        "type": "if",
        "locations": [
          {
            "start": { "line": 171, "column": 4 },
            "end": { "line": 171, "column": 29 }
          },
          { "start": {}, "end": {} }
        ],
        "line": 171
      },
      "21": {
        "loc": {
          "start": { "line": 177, "column": 4 },
          "end": { "line": 180, "column": 5 }
        },
        "type": "if",
        "locations": [
          {
            "start": { "line": 177, "column": 4 },
            "end": { "line": 180, "column": 5 }
          },
          { "start": {}, "end": {} }
        ],
        "line": 177
      },
      "22": {
        "loc": {
          "start": { "line": 177, "column": 8 },
          "end": { "line": 177, "column": 41 }
        },
        "type": "binary-expr",
        "locations": [
          {
            "start": { "line": 177, "column": 8 },
            "end": { "line": 177, "column": 15 }
          },
          {
            "start": { "line": 177, "column": 19 },
            "end": { "line": 177, "column": 41 }
          }
        ],
        "line": 177
      },
      "23": {
        "loc": {
          "start": { "line": 182, "column": 4 },
          "end": { "line": 188, "column": 5 }
        },
        "type": "if",
        "locations": [
          {
            "start": { "line": 182, "column": 4 },
            "end": { "line": 188, "column": 5 }
          },
          { "start": {}, "end": {} }
        ],
        "line": 182
      },
      "24": {
        "loc": {
          "start": { "line": 184, "column": 6 },
          "end": { "line": 186, "column": 7 }
        },
        "type": "if",
        "locations": [
          {
            "start": { "line": 184, "column": 6 },
            "end": { "line": 186, "column": 7 }
          },
          { "start": {}, "end": {} }
        ],
        "line": 184
      },
      "25": {
        "loc": {
          "start": { "line": 197, "column": 8 },
          "end": { "line": 201, "column": 23 }
        },
        "type": "cond-expr",
        "locations": [
          {
            "start": { "line": 198, "column": 12 },
            "end": { "line": 198, "column": 26 }
          },
          {
            "start": { "line": 199, "column": 12 },
            "end": { "line": 201, "column": 23 }
          }
        ],
        "line": 197
      },
      "26": {
        "loc": {
          "start": { "line": 197, "column": 8 },
          "end": { "line": 197, "column": 35 }
        },
        "type": "binary-expr",
        "locations": [
          {
            "start": { "line": 197, "column": 8 },
            "end": { "line": 197, "column": 17 }
          },
          {
            "start": { "line": 197, "column": 21 },
            "end": { "line": 197, "column": 35 }
          }
        ],
        "line": 197
      },
      "27": {
        "loc": {
          "start": { "line": 199, "column": 12 },
          "end": { "line": 201, "column": 23 }
        },
        "type": "cond-expr",
        "locations": [
          {
            "start": { "line": 200, "column": 14 },
            "end": { "line": 200, "column": 23 }
          },
          {
            "start": { "line": 201, "column": 14 },
            "end": { "line": 201, "column": 23 }
          }
        ],
        "line": 199
      },
      "28": {
        "loc": {
          "start": { "line": 204, "column": 6 },
          "end": { "line": 223, "column": 7 }
        },
        "type": "if",
        "locations": [
          {
            "start": { "line": 204, "column": 6 },
            "end": { "line": 223, "column": 7 }
          },
          { "start": {}, "end": {} }
        ],
        "line": 204
      },
      "29": {
        "loc": {
          "start": { "line": 205, "column": 8 },
          "end": { "line": 207, "column": 44 }
        },
        "type": "binary-expr",
        "locations": [
          {
            "start": { "line": 205, "column": 8 },
            "end": { "line": 205, "column": 23 }
          },
          {
            "start": { "line": 206, "column": 8 },
            "end": { "line": 206, "column": 47 }
          },
          {
            "start": { "line": 207, "column": 8 },
            "end": { "line": 207, "column": 44 }
          }
        ],
        "line": 205
      },
      "30": {
        "loc": {
          "start": { "line": 210, "column": 8 },
          "end": { "line": 222, "column": 9 }
        },
        "type": "if",
        "locations": [
          {
            "start": { "line": 210, "column": 8 },
            "end": { "line": 222, "column": 9 }
          },
          { "start": {}, "end": {} }
        ],
        "line": 210
      },
      "31": {
        "loc": {
          "start": { "line": 215, "column": 21 },
          "end": { "line": 215, "column": 70 }
        },
        "type": "binary-expr",
        "locations": [
          {
            "start": { "line": 215, "column": 21 },
            "end": { "line": 215, "column": 44 }
          },
          {
            "start": { "line": 215, "column": 48 },
            "end": { "line": 215, "column": 64 }
          },
          {
            "start": { "line": 215, "column": 68 },
            "end": { "line": 215, "column": 70 }
          }
        ],
        "line": 215
      },
      "32": {
        "loc": {
          "start": { "line": 218, "column": 10 },
          "end": { "line": 221, "column": 11 }
        },
        "type": "if",
        "locations": [
          {
            "start": { "line": 218, "column": 10 },
            "end": { "line": 221, "column": 11 }
          },
          { "start": {}, "end": {} }
        ],
        "line": 218
      },
      "33": {
        "loc": {
          "start": { "line": 226, "column": 6 },
          "end": { "line": 245, "column": 7 }
        },
        "type": "if",
        "locations": [
          {
            "start": { "line": 226, "column": 6 },
            "end": { "line": 245, "column": 7 }
          },
          { "start": {}, "end": {} }
        ],
        "line": 226
      },
      "34": {
        "loc": {
          "start": { "line": 227, "column": 8 },
          "end": { "line": 229, "column": 43 }
        },
        "type": "binary-expr",
        "locations": [
          {
            "start": { "line": 227, "column": 8 },
            "end": { "line": 227, "column": 21 }
          },
          {
            "start": { "line": 228, "column": 8 },
            "end": { "line": 228, "column": 47 }
          },
          {
            "start": { "line": 229, "column": 8 },
            "end": { "line": 229, "column": 43 }
          }
        ],
        "line": 227
      },
      "35": {
        "loc": {
          "start": { "line": 232, "column": 8 },
          "end": { "line": 244, "column": 9 }
        },
        "type": "if",
        "locations": [
          {
            "start": { "line": 232, "column": 8 },
            "end": { "line": 244, "column": 9 }
          },
          { "start": {}, "end": {} }
        ],
        "line": 232
      },
      "36": {
        "loc": {
          "start": { "line": 237, "column": 21 },
          "end": { "line": 237, "column": 70 }
        },
        "type": "binary-expr",
        "locations": [
          {
            "start": { "line": 237, "column": 21 },
            "end": { "line": 237, "column": 44 }
          },
          {
            "start": { "line": 237, "column": 48 },
            "end": { "line": 237, "column": 64 }
          },
          {
            "start": { "line": 237, "column": 68 },
            "end": { "line": 237, "column": 70 }
          }
        ],
        "line": 237
      },
      "37": {
        "loc": {
          "start": { "line": 240, "column": 10 },
          "end": { "line": 243, "column": 11 }
        },
        "type": "if",
        "locations": [
          {
            "start": { "line": 240, "column": 10 },
            "end": { "line": 243, "column": 11 }
          },
          { "start": {}, "end": {} }
        ],
        "line": 240
      },
      "38": {
        "loc": {
          "start": { "line": 247, "column": 6 },
          "end": { "line": 247, "column": 48 }
        },
        "type": "if",
        "locations": [
          {
            "start": { "line": 247, "column": 6 },
            "end": { "line": 247, "column": 48 }
          },
          { "start": {}, "end": {} }
        ],
        "line": 247
      },
      "39": {
        "loc": {
          "start": { "line": 247, "column": 10 },
          "end": { "line": 247, "column": 40 }
        },
        "type": "binary-expr",
        "locations": [
          {
            "start": { "line": 247, "column": 10 },
            "end": { "line": 247, "column": 24 }
          },
          {
            "start": { "line": 247, "column": 28 },
            "end": { "line": 247, "column": 40 }
          }
        ],
        "line": 247
      },
      "40": {
        "loc": {
          "start": { "line": 250, "column": 4 },
          "end": { "line": 256, "column": 5 }
        },
        "type": "if",
        "locations": [
          {
            "start": { "line": 250, "column": 4 },
            "end": { "line": 256, "column": 5 }
          },
          {
            "start": { "line": 252, "column": 11 },
            "end": { "line": 256, "column": 5 }
          }
        ],
        "line": 250
      },
      "41": {
        "loc": {
          "start": { "line": 258, "column": 4 },
          "end": { "line": 262, "column": 5 }
        },
        "type": "if",
        "locations": [
          {
            "start": { "line": 258, "column": 4 },
            "end": { "line": 262, "column": 5 }
          },
          {
            "start": { "line": 260, "column": 11 },
            "end": { "line": 262, "column": 5 }
          }
        ],
        "line": 258
      },
      "42": {
        "loc": {
          "start": { "line": 278, "column": 2 },
          "end": { "line": 278, "column": 42 }
        },
        "type": "if",
        "locations": [
          {
            "start": { "line": 278, "column": 2 },
            "end": { "line": 278, "column": 42 }
          },
          { "start": {}, "end": {} }
        ],
        "line": 278
      },
      "43": {
        "loc": {
          "start": { "line": 285, "column": 4 },
          "end": { "line": 285, "column": 58 }
        },
        "type": "cond-expr",
        "locations": [
          {
            "start": { "line": 285, "column": 22 },
            "end": { "line": 285, "column": 48 }
          },
          {
            "start": { "line": 285, "column": 51 },
            "end": { "line": 285, "column": 58 }
          }
        ],
        "line": 285
      },
      "44": {
        "loc": {
          "start": { "line": 287, "column": 2 },
          "end": { "line": 287, "column": 66 }
        },
        "type": "if",
        "locations": [
          {
            "start": { "line": 287, "column": 2 },
            "end": { "line": 287, "column": 66 }
          },
          { "start": {}, "end": {} }
        ],
        "line": 287
      },
      "45": {
        "loc": {
          "start": { "line": 291, "column": 36 },
          "end": { "line": 291, "column": 54 }
        },
        "type": "default-arg",
        "locations": [
          {
            "start": { "line": 291, "column": 52 },
            "end": { "line": 291, "column": 54 }
          }
        ],
        "line": 291
      },
      "46": {
        "loc": {
          "start": { "line": 302, "column": 4 },
          "end": { "line": 307, "column": 5 }
        },
        "type": "if",
        "locations": [
          {
            "start": { "line": 302, "column": 4 },
            "end": { "line": 307, "column": 5 }
          },
          { "start": {}, "end": {} }
        ],
        "line": 302
      },
      "47": {
        "loc": {
          "start": { "line": 302, "column": 8 },
          "end": { "line": 302, "column": 53 }
        },
        "type": "binary-expr",
        "locations": [
          {
            "start": { "line": 302, "column": 8 },
            "end": { "line": 302, "column": 29 }
          },
          {
            "start": { "line": 302, "column": 33 },
            "end": { "line": 302, "column": 53 }
          }
        ],
        "line": 302
      },
      "48": {
        "loc": {
          "start": { "line": 304, "column": 6 },
          "end": { "line": 306, "column": 7 }
        },
        "type": "if",
        "locations": [
          {
            "start": { "line": 304, "column": 6 },
            "end": { "line": 306, "column": 7 }
          },
          { "start": {}, "end": {} }
        ],
        "line": 304
      },
      "49": {
        "loc": {
          "start": { "line": 310, "column": 2 },
          "end": { "line": 323, "column": 3 }
        },
        "type": "if",
        "locations": [
          {
            "start": { "line": 310, "column": 2 },
            "end": { "line": 323, "column": 3 }
          },
          { "start": {}, "end": {} }
        ],
        "line": 310
      },
      "50": {
        "loc": {
          "start": { "line": 315, "column": 6 },
          "end": { "line": 321, "column": 7 }
        },
        "type": "if",
        "locations": [
          {
            "start": { "line": 315, "column": 6 },
            "end": { "line": 321, "column": 7 }
          },
          { "start": {}, "end": {} }
        ],
        "line": 315
      },
      "51": {
        "loc": {
          "start": { "line": 316, "column": 8 },
          "end": { "line": 318, "column": 65 }
        },
        "type": "binary-expr",
        "locations": [
          {
            "start": { "line": 316, "column": 8 },
            "end": { "line": 316, "column": 29 }
          },
          {
            "start": { "line": 317, "column": 8 },
            "end": { "line": 317, "column": 30 }
          },
          {
            "start": { "line": 318, "column": 8 },
            "end": { "line": 318, "column": 65 }
          }
        ],
        "line": 316
      },
      "52": {
        "loc": {
          "start": { "line": 325, "column": 2 },
          "end": { "line": 339, "column": 3 }
        },
        "type": "if",
        "locations": [
          {
            "start": { "line": 325, "column": 2 },
            "end": { "line": 339, "column": 3 }
          },
          { "start": {}, "end": {} }
        ],
        "line": 325
      },
      "53": {
        "loc": {
          "start": { "line": 325, "column": 6 },
          "end": { "line": 325, "column": 62 }
        },
        "type": "binary-expr",
        "locations": [
          {
            "start": { "line": 325, "column": 6 },
            "end": { "line": 325, "column": 31 }
          },
          {
            "start": { "line": 325, "column": 35 },
            "end": { "line": 325, "column": 62 }
          }
        ],
        "line": 325
      },
      "54": {
        "loc": {
          "start": { "line": 335, "column": 6 },
          "end": { "line": 337, "column": 7 }
        },
        "type": "if",
        "locations": [
          {
            "start": { "line": 335, "column": 6 },
            "end": { "line": 337, "column": 7 }
          },
          { "start": {}, "end": {} }
        ],
        "line": 335
      },
      "55": {
        "loc": {
          "start": { "line": 345, "column": 2 },
          "end": { "line": 346, "column": 56 }
        },
        "type": "if",
        "locations": [
          {
            "start": { "line": 345, "column": 2 },
            "end": { "line": 346, "column": 56 }
          },
          { "start": {}, "end": {} }
        ],
        "line": 345
      },
      "56": {
        "loc": {
          "start": { "line": 351, "column": 4 },
          "end": { "line": 358, "column": 5 }
        },
        "type": "if",
        "locations": [
          {
            "start": { "line": 351, "column": 4 },
            "end": { "line": 358, "column": 5 }
          },
          {
            "start": { "line": 356, "column": 11 },
            "end": { "line": 358, "column": 5 }
          }
        ],
        "line": 351
      },
      "57": {
        "loc": {
          "start": { "line": 376, "column": 4 },
          "end": { "line": 376, "column": 49 }
        },
        "type": "if",
        "locations": [
          {
            "start": { "line": 376, "column": 4 },
            "end": { "line": 376, "column": 49 }
          },
          { "start": {}, "end": {} }
        ],
        "line": 376
      },
      "58": {
        "loc": {
          "start": { "line": 380, "column": 4 },
          "end": { "line": 401, "column": 5 }
        },
        "type": "if",
        "locations": [
          {
            "start": { "line": 380, "column": 4 },
            "end": { "line": 401, "column": 5 }
          },
          { "start": {}, "end": {} }
        ],
        "line": 380
      },
      "59": {
        "loc": {
          "start": { "line": 381, "column": 6 },
          "end": { "line": 400, "column": 7 }
        },
        "type": "if",
        "locations": [
          {
            "start": { "line": 381, "column": 6 },
            "end": { "line": 400, "column": 7 }
          },
          {
            "start": { "line": 385, "column": 13 },
            "end": { "line": 400, "column": 7 }
          }
        ],
        "line": 381
      },
      "60": {
        "loc": {
          "start": { "line": 385, "column": 13 },
          "end": { "line": 400, "column": 7 }
        },
        "type": "if",
        "locations": [
          {
            "start": { "line": 385, "column": 13 },
            "end": { "line": 400, "column": 7 }
          },
          { "start": {}, "end": {} }
        ],
        "line": 385
      },
      "61": {
        "loc": {
          "start": { "line": 385, "column": 17 },
          "end": { "line": 385, "column": 62 }
        },
        "type": "binary-expr",
        "locations": [
          {
            "start": { "line": 385, "column": 17 },
            "end": { "line": 385, "column": 32 }
          },
          {
            "start": { "line": 385, "column": 36 },
            "end": { "line": 385, "column": 62 }
          }
        ],
        "line": 385
      },
      "62": {
        "loc": {
          "start": { "line": 392, "column": 10 },
          "end": { "line": 395, "column": 11 }
        },
        "type": "if",
        "locations": [
          {
            "start": { "line": 392, "column": 10 },
            "end": { "line": 395, "column": 11 }
          },
          { "start": {}, "end": {} }
        ],
        "line": 392
      },
      "63": {
        "loc": {
          "start": { "line": 397, "column": 8 },
          "end": { "line": 399, "column": 9 }
        },
        "type": "if",
        "locations": [
          {
            "start": { "line": 397, "column": 8 },
            "end": { "line": 399, "column": 9 }
          },
          { "start": {}, "end": {} }
        ],
        "line": 397
      },
      "64": {
        "loc": {
          "start": { "line": 404, "column": 2 },
          "end": { "line": 408, "column": 3 }
        },
        "type": "if",
        "locations": [
          {
            "start": { "line": 404, "column": 2 },
            "end": { "line": 408, "column": 3 }
          },
          {
            "start": { "line": 406, "column": 9 },
            "end": { "line": 408, "column": 3 }
          }
        ],
        "line": 404
      },
      "65": {
        "loc": {
          "start": { "line": 406, "column": 9 },
          "end": { "line": 408, "column": 3 }
        },
        "type": "if",
        "locations": [
          {
            "start": { "line": 406, "column": 9 },
            "end": { "line": 408, "column": 3 }
          },
          { "start": {}, "end": {} }
        ],
        "line": 406
      },
      "66": {
        "loc": {
          "start": { "line": 410, "column": 2 },
          "end": { "line": 432, "column": 3 }
        },
        "type": "if",
        "locations": [
          {
            "start": { "line": 410, "column": 2 },
            "end": { "line": 432, "column": 3 }
          },
          {
            "start": { "line": 415, "column": 9 },
            "end": { "line": 432, "column": 3 }
          }
        ],
        "line": 410
      },
      "67": {
        "loc": {
          "start": { "line": 420, "column": 4 },
          "end": { "line": 425, "column": 5 }
        },
        "type": "if",
        "locations": [
          {
            "start": { "line": 420, "column": 4 },
            "end": { "line": 425, "column": 5 }
          },
          { "start": {}, "end": {} }
        ],
        "line": 420
      },
      "68": {
        "loc": {
          "start": { "line": 426, "column": 4 },
          "end": { "line": 431, "column": 5 }
        },
        "type": "if",
        "locations": [
          {
            "start": { "line": 426, "column": 4 },
            "end": { "line": 431, "column": 5 }
          },
          { "start": {}, "end": {} }
        ],
        "line": 426
      },
      "69": {
        "loc": {
          "start": { "line": 441, "column": 2 },
          "end": { "line": 443, "column": 3 }
        },
        "type": "if",
        "locations": [
          {
            "start": { "line": 441, "column": 2 },
            "end": { "line": 443, "column": 3 }
          },
          { "start": {}, "end": {} }
        ],
        "line": 441
      },
      "70": {
        "loc": {
          "start": { "line": 460, "column": 19 },
          "end": { "line": 460, "column": 34 }
        },
        "type": "binary-expr",
        "locations": [
          {
            "start": { "line": 460, "column": 19 },
            "end": { "line": 460, "column": 28 }
          },
          {
            "start": { "line": 460, "column": 32 },
            "end": { "line": 460, "column": 34 }
          }
        ],
        "line": 460
      },
      "71": {
        "loc": {
          "start": { "line": 461, "column": 21 },
          "end": { "line": 461, "column": 36 }
        },
        "type": "binary-expr",
        "locations": [
          {
            "start": { "line": 461, "column": 21 },
            "end": { "line": 461, "column": 30 }
          },
          {
            "start": { "line": 461, "column": 34 },
            "end": { "line": 461, "column": 36 }
          }
        ],
        "line": 461
      },
      "72": {
        "loc": {
          "start": { "line": 484, "column": 2 },
          "end": { "line": 488, "column": 3 }
        },
        "type": "if",
        "locations": [
          {
            "start": { "line": 484, "column": 2 },
            "end": { "line": 488, "column": 3 }
          },
          {
            "start": { "line": 486, "column": 9 },
            "end": { "line": 488, "column": 3 }
          }
        ],
        "line": 484
      },
      "73": {
        "loc": {
          "start": { "line": 494, "column": 2 },
          "end": { "line": 494, "column": 39 }
        },
        "type": "if",
        "locations": [
          {
            "start": { "line": 494, "column": 2 },
            "end": { "line": 494, "column": 39 }
          },
          { "start": {}, "end": {} }
        ],
        "line": 494
      },
      "74": {
        "loc": {
          "start": { "line": 511, "column": 2 },
          "end": { "line": 513, "column": 3 }
        },
        "type": "if",
        "locations": [
          {
            "start": { "line": 511, "column": 2 },
            "end": { "line": 513, "column": 3 }
          },
          { "start": {}, "end": {} }
        ],
        "line": 511
      },
      "75": {
        "loc": {
          "start": { "line": 519, "column": 22 },
          "end": { "line": 519, "column": 68 }
        },
        "type": "cond-expr",
        "locations": [
          {
            "start": { "line": 519, "column": 32 },
            "end": { "line": 519, "column": 52 }
          },
          {
            "start": { "line": 519, "column": 55 },
            "end": { "line": 519, "column": 68 }
          }
        ],
        "line": 519
      },
      "76": {
        "loc": {
          "start": { "line": 551, "column": 4 },
          "end": { "line": 566, "column": 5 }
        },
        "type": "if",
        "locations": [
          {
            "start": { "line": 551, "column": 4 },
            "end": { "line": 566, "column": 5 }
          },
          { "start": {}, "end": {} }
        ],
        "line": 551
      },
      "77": {
        "loc": {
          "start": { "line": 552, "column": 6 },
          "end": { "line": 560, "column": 7 }
        },
        "type": "if",
        "locations": [
          {
            "start": { "line": 552, "column": 6 },
            "end": { "line": 560, "column": 7 }
          },
          {
            "start": { "line": 556, "column": 13 },
            "end": { "line": 560, "column": 7 }
          }
        ],
        "line": 552
      },
      "78": {
        "loc": {
          "start": { "line": 561, "column": 6 },
          "end": { "line": 564, "column": 7 }
        },
        "type": "if",
        "locations": [
          {
            "start": { "line": 561, "column": 6 },
            "end": { "line": 564, "column": 7 }
          },
          { "start": {}, "end": {} }
        ],
        "line": 561
      },
      "79": {
        "loc": {
          "start": { "line": 568, "column": 4 },
          "end": { "line": 571, "column": 5 }
        },
        "type": "if",
        "locations": [
          {
            "start": { "line": 568, "column": 4 },
            "end": { "line": 571, "column": 5 }
          },
          { "start": {}, "end": {} }
        ],
        "line": 568
      },
      "80": {
        "loc": {
          "start": { "line": 573, "column": 4 },
          "end": { "line": 586, "column": 5 }
        },
        "type": "if",
        "locations": [
          {
            "start": { "line": 573, "column": 4 },
            "end": { "line": 586, "column": 5 }
          },
          { "start": {}, "end": {} }
        ],
        "line": 573
      },
      "81": {
        "loc": {
          "start": { "line": 574, "column": 32 },
          "end": { "line": 574, "column": 67 }
        },
        "type": "binary-expr",
        "locations": [
          {
            "start": { "line": 574, "column": 32 },
            "end": { "line": 574, "column": 62 }
          },
          {
            "start": { "line": 574, "column": 66 },
            "end": { "line": 574, "column": 67 }
          }
        ],
        "line": 574
      },
      "82": {
        "loc": {
          "start": { "line": 575, "column": 6 },
          "end": { "line": 580, "column": 7 }
        },
        "type": "if",
        "locations": [
          {
            "start": { "line": 575, "column": 6 },
            "end": { "line": 580, "column": 7 }
          },
          { "start": {}, "end": {} }
        ],
        "line": 575
      },
      "83": {
        "loc": {
          "start": { "line": 603, "column": 0 },
          "end": { "line": 605, "column": 1 }
        },
        "type": "if",
        "locations": [
          {
            "start": { "line": 603, "column": 0 },
            "end": { "line": 605, "column": 1 }
          },
          { "start": {}, "end": {} }
        ],
        "line": 603
      }
    },
    "s": {
      "0": 1,
      "1": 1,
      "2": 1,
      "3": 1,
      "4": 1,
      "5": 1,
      "6": 1,
      "7": 1,
      "8": 1,
      "9": 1,
      "10": 1,
      "11": 1,
      "12": 16,
      "13": 3,
      "14": 13,
      "15": 13,
      "16": 12,
      "17": 1,
      "18": 11,
      "19": 4,
      "20": 7,
      "21": 7,
      "22": 1,
      "23": 1,
      "24": 0,
      "25": 0,
      "26": 0,
      "27": 0,
      "28": 0,
      "29": 0,
      "30": 1,
      "31": 1,
      "32": 4,
      "33": 4,
      "34": 9,
      "35": 9,
      "36": 9,
      "37": 9,
      "38": 9,
      "39": 11,
      "40": 11,
      "41": 2,
      "42": 9,
      "43": 6,
      "44": 6,
      "45": 3,
      "46": 3,
      "47": 3,
      "48": 8,
      "49": 8,
      "50": 8,
      "51": 8,
      "52": 3,
      "53": 3,
      "54": 5,
      "55": 10,
      "56": 10,
      "57": 10,
      "58": 10,
      "59": 0,
      "60": 10,
      "61": 10,
      "62": 7,
      "63": 10,
      "64": 8,
      "65": 0,
      "66": 0,
      "67": 0,
      "68": 8,
      "69": 1,
      "70": 1,
      "71": 1,
      "72": 7,
      "73": 7,
      "74": 7,
      "75": 7,
      "76": 1,
      "77": 1,
      "78": 1,
      "79": 6,
      "80": 6,
      "81": 1,
      "82": 5,
      "83": 5,
      "84": 5,
      "85": 2,
      "86": 3,
      "87": 3,
      "88": 13,
      "89": 13,
      "90": 13,
      "91": 10,
      "92": 4,
      "93": 3,
      "94": 13,
      "95": 4,
      "96": 4,
      "97": 3,
      "98": 3,
      "99": 10,
      "100": 10,
      "101": 10,
      "102": 8,
      "103": 5,
      "104": 3,
      "105": 3,
      "106": 3,
      "107": 1,
      "108": 1,
      "109": 3,
      "110": 0,
      "111": 0,
      "112": 0,
      "113": 3,
      "114": 3,
      "115": 3,
      "116": 3,
      "117": 3,
      "118": 3,
      "119": 3,
      "120": 3,
      "121": 2,
      "122": 2,
      "123": 2,
      "124": 2,
      "125": 2,
      "126": 1,
      "127": 1,
      "128": 3,
      "129": 1,
      "130": 1,
      "131": 1,
      "132": 1,
      "133": 1,
      "134": 1,
      "135": 1,
      "136": 3,
      "137": 0,
      "138": 3,
      "139": 2,
      "140": 1,
      "141": 2,
      "142": 1,
      "143": 1,
      "144": 2,
      "145": 1,
      "146": 1,
      "147": 41,
      "148": 41,
      "149": 35,
      "150": 6,
      "151": 9,
      "152": 15,
      "153": 15,
      "154": 15,
      "155": 1,
      "156": 15,
      "157": 21,
      "158": 21,
      "159": 21,
      "160": 21,
      "161": 21,
      "162": 21,
      "163": 21,
      "164": 117,
      "165": 117,
      "166": 7,
      "167": 7,
      "168": 7,
      "169": 21,
      "170": 16,
      "171": 8,
      "172": 8,
      "173": 8,
      "174": 4,
      "175": 21,
      "176": 1,
      "177": 1,
      "178": 1,
      "179": 1,
      "180": 1,
      "181": 2,
      "182": 2,
      "183": 2,
      "184": 21,
      "185": 13,
      "186": 7,
      "187": 6,
      "188": 6,
      "189": 6,
      "190": 10,
      "191": 10,
      "192": 7,
      "193": 7,
      "194": 7,
      "195": 7,
      "196": 3,
      "197": 6,
      "198": 5,
      "199": 5,
      "200": 5,
      "201": 5,
      "202": 5,
      "203": 5,
      "204": 5,
      "205": 5,
      "206": 5,
      "207": 4,
      "208": 1,
      "209": 1,
      "210": 1,
      "211": 1,
      "212": 1,
      "213": 0,
      "214": 0,
      "215": 0,
      "216": 0,
      "217": 0,
      "218": 0,
      "219": 0,
      "220": 0,
      "221": 0,
      "222": 0,
      "223": 5,
      "224": 1,
      "225": 4,
      "226": 0,
      "227": 5,
      "228": 1,
      "229": 4,
      "230": 4,
      "231": 4,
      "232": 4,
      "233": 0,
      "234": 5,
      "235": 5,
      "236": 5,
      "237": 5,
      "238": 1,
      "239": 5,
      "240": 5,
      "241": 5,
      "242": 5,
      "243": 5,
      "244": 5,
      "245": 5,
      "246": 5,
      "247": 3,
      "248": 3,
      "249": 3,
      "250": 3,
      "251": 8,
      "252": 8,
      "253": 5,
      "254": 3,
      "255": 8,
      "256": 8,
      "257": 8,
      "258": 2,
      "259": 8,
      "260": 8,
      "261": 8,
      "262": 8,
      "263": 2,
      "264": 8,
      "265": 8,
      "266": 15,
      "267": 15,
      "268": 1,
      "269": 15,
      "270": 15,
      "271": 7,
      "272": 8,
      "273": 15,
      "274": 8,
      "275": 8,
      "276": 8,
      "277": 12,
      "278": 12,
      "279": 6,
      "280": 0,
      "281": 6,
      "282": 6,
      "283": 4,
      "284": 4,
      "285": 2,
      "286": 6,
      "287": 4,
      "288": 4,
      "289": 2,
      "290": 1,
      "291": 1,
      "292": 1,
      "293": 1,
      "294": 0,
      "295": 0,
      "296": 0,
      "297": 1,
      "298": 1,
      "299": 1,
      "300": 1,
      "301": 0,
      "302": 8,
      "303": 8,
      "304": 8,
      "305": 1,
      "306": 0,
      "307": 1
    },
    "f": {
      "0": 16,
      "1": 4,
      "2": 4,
      "3": 9,
      "4": 8,
      "5": 10,
      "6": 0,
      "7": 13,
      "8": 4,
      "9": 10,
      "10": 41,
      "11": 9,
      "12": 15,
      "13": 21,
      "14": 13,
      "15": 5,
      "16": 5,
      "17": 5,
      "18": 3,
      "19": 8,
      "20": 8,
      "21": 15,
      "22": 1,
      "23": 8,
      "24": 8
    },
    "b": {
      "0": [0, 1],
      "1": [3, 13],
      "2": [1, 11],
      "3": [4, 7],
      "4": [11, 5],
      "5": [0, 1],
      "6": [0, 0],
      "7": [0, 0],
      "8": [2, 9],
      "9": [3, 5],
      "10": [1, 4],
      "11": [2],
      "12": [7, 3],
      "13": [0, 8],
      "14": [1, 7],
      "15": [1, 6],
      "16": [7, 2],
      "17": [1, 5],
      "18": [2, 3],
      "19": [3, 1],
      "20": [5, 3],
      "21": [1, 2],
      "22": [3, 1],
      "23": [0, 3],
      "24": [0, 0],
      "25": [0, 3],
      "26": [3, 3],
      "27": [3, 0],
      "28": [2, 1],
      "29": [3, 3, 3],
      "30": [2, 0],
      "31": [2, 2, 0],
      "32": [1, 1],
      "33": [1, 2],
      "34": [3, 3, 3],
      "35": [1, 0],
      "36": [1, 1, 0],
      "37": [1, 0],
      "38": [0, 3],
      "39": [3, 2],
      "40": [2, 1],
      "41": [1, 1],
      "42": [35, 6],
      "43": [1, 14],
      "44": [1, 14],
      "45": [6],
      "46": [7, 110],
      "47": [117, 111],
      "48": [7, 0],
      "49": [16, 5],
      "50": [4, 4],
      "51": [8, 6, 5],
      "52": [1, 20],
      "53": [21, 13],
      "54": [2, 0],
      "55": [7, 6],
      "56": [7, 3],
      "57": [4, 1],
      "58": [1, 0],
      "59": [1, 0],
      "60": [0, 0],
      "61": [0, 0],
      "62": [0, 0],
      "63": [0, 0],
      "64": [1, 4],
      "65": [0, 4],
      "66": [1, 4],
      "67": [4, 0],
      "68": [0, 4],
      "69": [1, 4],
      "70": [5, 0],
      "71": [5, 4],
      "72": [5, 3],
      "73": [2, 6],
      "74": [2, 6],
      "75": [0, 8],
      "76": [6, 6],
      "77": [0, 6],
      "78": [4, 2],
      "79": [4, 2],
      "80": [1, 1],
      "81": [1, 0],
      "82": [1, 0],
      "83": [0, 1]
    },
    "_coverageSchema": "1a1c01bbd47fc00a2c39e90264f33305004495a9",
    "hash": "05beb38757d4b0e9fbadc65fa4ce7bfee4a7ed6d"
  }
}
