TN:
SF:index.js
FN:15,isValidWebhookUrl
FN:51,(anonymous_1)
FN:51,(anonymous_2)
FN:53,readStream
FN:74,parseRssXml
FN:92,fetchPlayStationBlogFeed
FN:97,(anonymous_6)
FN:143,loadMemoryState
FN:159,saveMemoryState
FN:166,checkOfficialPSPlusFeed
FN:276,decodeHtmlEntities
FN:279,(anonymous_11)
FN:282,isolateGameString
FN:291,extractGameList
FN:344,formatListText
FN:363,splitCatalogBlocks
FN:437,formatCatalogMessage
FN:452,parseCatalogContent
FN:468,parseEssentialContent
FN:480,parseBlogContent
FN:499,formatDiscordMessage
FN:525,sendWebhookRequest
FN:527,(anonymous_22)
FN:545,executeWebhookWithRetry
FN:597,processBlogContent
FNF:25
FNH:24
FNDA:16,isValidWebhookUrl
FNDA:4,(anonymous_1)
FNDA:4,(anonymous_2)
FNDA:9,readStream
FNDA:8,parseRssXml
FNDA:10,fetchPlayStationBlogFeed
FNDA:0,(anonymous_6)
FNDA:13,loadMemoryState
FNDA:4,saveMemoryState
FNDA:10,checkOfficialPSPlusFeed
FNDA:41,decodeHtmlEntities
FNDA:9,(anonymous_11)
FNDA:15,isolateGameString
FNDA:21,extractGameList
FNDA:13,formatListText
FNDA:5,splitCatalogBlocks
FNDA:5,formatCatalogMessage
FNDA:5,parseCatalogContent
FNDA:3,parseEssentialContent
FNDA:8,parseBlogContent
FNDA:8,formatDiscordMessage
FNDA:15,sendWebhookRequest
FNDA:1,(anonymous_22)
FNDA:8,executeWebhookWithRetry
FNDA:8,processBlogContent
DA:1,1
DA:2,1
DA:3,1
DA:5,1
DA:6,1
DA:7,1
DA:8,1
DA:9,1
DA:10,1
DA:11,1
DA:12,1
DA:13,1
DA:16,16
DA:17,13
DA:18,13
DA:19,12
DA:20,11
DA:24,4
DA:28,7
DA:29,7
DA:31,1
DA:35,1
DA:36,0
DA:37,0
DA:40,0
DA:42,0
DA:43,0
DA:46,0
DA:50,1
DA:51,4
DA:54,9
DA:55,9
DA:56,9
DA:57,9
DA:58,9
DA:59,11
DA:60,11
DA:61,2
DA:63,9
DA:65,6
DA:66,6
DA:68,3
DA:69,3
DA:70,3
DA:75,8
DA:80,8
DA:81,8
DA:83,8
DA:84,3
DA:87,3
DA:89,5
DA:93,10
DA:95,10
DA:96,10
DA:97,10
DA:99,10
DA:100,10
DA:101,7
DA:104,10
DA:109,8
DA:110,0
DA:111,0
DA:112,0
DA:115,8
DA:116,1
DA:117,1
DA:118,1
DA:121,7
DA:123,7
DA:124,7
DA:125,7
DA:126,1
DA:127,1
DA:128,1
DA:131,6
DA:132,6
DA:134,5
DA:136,5
DA:137,5
DA:139,3
DA:140,3
DA:144,13
DA:145,13
DA:146,13
DA:147,10
DA:149,4
DA:150,3
DA:156,13
DA:160,4
DA:161,4
DA:162,3
DA:163,3
DA:167,10
DA:168,10
DA:170,10
DA:171,8
DA:173,3
DA:175,3
DA:177,3
DA:178,1
DA:179,1
DA:182,3
DA:184,0
DA:185,0
DA:187,0
DA:190,3
DA:191,3
DA:193,3
DA:194,3
DA:195,3
DA:197,3
DA:204,3
DA:209,2
DA:210,2
DA:211,2
DA:217,2
DA:218,2
DA:219,1
DA:220,1
DA:226,3
DA:231,1
DA:232,1
DA:233,1
DA:239,1
DA:240,1
DA:241,1
DA:242,1
DA:247,3
DA:250,3
DA:251,2
DA:253,1
DA:258,2
DA:259,1
DA:261,1
DA:263,2
DA:267,1
DA:274,1
DA:277,41
DA:278,41
DA:279,9
DA:283,15
DA:284,15
DA:287,15
DA:288,15
DA:292,21
DA:294,21
DA:296,21
DA:297,21
DA:298,21
DA:300,21
DA:301,117
DA:302,117
DA:303,7
DA:304,7
DA:305,7
DA:310,21
DA:311,16
DA:312,8
DA:313,8
DA:315,8
DA:320,4
DA:325,21
DA:326,1
DA:327,1
DA:332,1
DA:333,1
DA:334,2
DA:335,2
DA:336,2
DA:341,21
DA:345,13
DA:346,7
DA:347,6
DA:348,6
DA:349,10
DA:351,10
DA:352,7
DA:353,7
DA:354,7
DA:355,7
DA:357,3
DA:360,6
DA:364,5
DA:365,5
DA:367,5
DA:369,5
DA:370,5
DA:372,5
DA:373,5
DA:374,5
DA:376,5
DA:378,1
DA:380,1
DA:381,1
DA:383,1
DA:384,1
DA:385,0
DA:387,0
DA:389,0
DA:390,0
DA:391,0
DA:392,0
DA:393,0
DA:394,0
DA:397,0
DA:398,0
DA:404,5
DA:405,1
DA:406,4
DA:407,0
DA:410,5
DA:411,1
DA:416,4
DA:420,4
DA:421,4
DA:426,4
DA:427,0
DA:434,5
DA:438,5
DA:439,5
DA:441,5
DA:442,1
DA:445,5
DA:453,5
DA:458,5
DA:460,5
DA:461,5
DA:462,5
DA:463,5
DA:465,5
DA:469,3
DA:470,3
DA:471,3
DA:473,3
DA:481,8
DA:484,8
DA:485,5
DA:487,3
DA:490,8
DA:491,8
DA:494,8
DA:496,8
DA:500,8
DA:502,8
DA:511,8
DA:512,2
DA:515,8
DA:522,8
DA:526,15
DA:527,15
DA:529,15
DA:530,15
DA:537,7
DA:539,8
DA:541,15
DA:546,8
DA:548,8
DA:549,12
DA:551,12
DA:552,6
DA:553,0
DA:557,6
DA:561,6
DA:562,4
DA:563,4
DA:565,2
DA:568,6
DA:569,4
DA:570,4
DA:573,2
DA:574,1
DA:575,1
DA:576,1
DA:579,1
DA:581,0
DA:584,0
DA:585,0
DA:588,1
DA:589,1
DA:590,1
DA:591,1
DA:594,0
DA:598,8
DA:599,8
DA:600,8
DA:603,1
DA:604,0
DA:607,1
LF:288
LH:258
BRDA:7,0,0,0
BRDA:7,0,1,1
BRDA:16,1,0,3
BRDA:16,1,1,13
BRDA:19,2,0,1
BRDA:19,2,1,11
BRDA:20,3,0,4
BRDA:20,3,1,7
BRDA:21,4,0,11
BRDA:21,4,1,5
BRDA:35,5,0,0
BRDA:35,5,1,1
BRDA:36,6,0,0
BRDA:36,6,1,0
BRDA:42,7,0,0
BRDA:42,7,1,0
BRDA:60,8,0,2
BRDA:60,8,1,9
BRDA:83,9,0,3
BRDA:83,9,1,5
BRDA:89,10,0,1
BRDA:89,10,1,4
BRDA:92,11,0,2
BRDA:100,12,0,7
BRDA:100,12,1,3
BRDA:109,13,0,0
BRDA:109,13,1,8
BRDA:115,14,0,1
BRDA:115,14,1,7
BRDA:125,15,0,1
BRDA:125,15,1,6
BRDA:125,16,0,7
BRDA:125,16,1,2
BRDA:132,17,0,1
BRDA:132,17,1,5
BRDA:137,18,0,2
BRDA:137,18,1,3
BRDA:149,19,0,3
BRDA:149,19,1,1
BRDA:171,20,0,5
BRDA:171,20,1,3
BRDA:177,21,0,1
BRDA:177,21,1,2
BRDA:177,22,0,3
BRDA:177,22,1,1
BRDA:182,23,0,0
BRDA:182,23,1,3
BRDA:184,24,0,0
BRDA:184,24,1,0
BRDA:197,25,0,0
BRDA:197,25,1,3
BRDA:197,26,0,3
BRDA:197,26,1,3
BRDA:199,27,0,3
BRDA:199,27,1,0
BRDA:204,28,0,2
BRDA:204,28,1,1
BRDA:205,29,0,3
BRDA:205,29,1,3
BRDA:205,29,2,3
BRDA:210,30,0,2
BRDA:210,30,1,0
BRDA:215,31,0,2
BRDA:215,31,1,2
BRDA:215,31,2,0
BRDA:218,32,0,1
BRDA:218,32,1,1
BRDA:226,33,0,1
BRDA:226,33,1,2
BRDA:227,34,0,3
BRDA:227,34,1,3
BRDA:227,34,2,3
BRDA:232,35,0,1
BRDA:232,35,1,0
BRDA:237,36,0,1
BRDA:237,36,1,1
BRDA:237,36,2,0
BRDA:240,37,0,1
BRDA:240,37,1,0
BRDA:247,38,0,0
BRDA:247,38,1,3
BRDA:247,39,0,3
BRDA:247,39,1,2
BRDA:250,40,0,2
BRDA:250,40,1,1
BRDA:258,41,0,1
BRDA:258,41,1,1
BRDA:278,42,0,35
BRDA:278,42,1,6
BRDA:285,43,0,1
BRDA:285,43,1,14
BRDA:287,44,0,1
BRDA:287,44,1,14
BRDA:291,45,0,6
BRDA:302,46,0,7
BRDA:302,46,1,110
BRDA:302,47,0,117
BRDA:302,47,1,111
BRDA:304,48,0,7
BRDA:304,48,1,0
BRDA:310,49,0,16
BRDA:310,49,1,5
BRDA:315,50,0,4
BRDA:315,50,1,4
BRDA:316,51,0,8
BRDA:316,51,1,6
BRDA:316,51,2,5
BRDA:325,52,0,1
BRDA:325,52,1,20
BRDA:325,53,0,21
BRDA:325,53,1,13
BRDA:335,54,0,2
BRDA:335,54,1,0
BRDA:345,55,0,7
BRDA:345,55,1,6
BRDA:351,56,0,7
BRDA:351,56,1,3
BRDA:376,57,0,4
BRDA:376,57,1,1
BRDA:380,58,0,1
BRDA:380,58,1,0
BRDA:381,59,0,1
BRDA:381,59,1,0
BRDA:385,60,0,0
BRDA:385,60,1,0
BRDA:385,61,0,0
BRDA:385,61,1,0
BRDA:392,62,0,0
BRDA:392,62,1,0
BRDA:397,63,0,0
BRDA:397,63,1,0
BRDA:404,64,0,1
BRDA:404,64,1,4
BRDA:406,65,0,0
BRDA:406,65,1,4
BRDA:410,66,0,1
BRDA:410,66,1,4
BRDA:420,67,0,4
BRDA:420,67,1,0
BRDA:426,68,0,0
BRDA:426,68,1,4
BRDA:441,69,0,1
BRDA:441,69,1,4
BRDA:460,70,0,5
BRDA:460,70,1,0
BRDA:461,71,0,5
BRDA:461,71,1,4
BRDA:484,72,0,5
BRDA:484,72,1,3
BRDA:494,73,0,2
BRDA:494,73,1,6
BRDA:511,74,0,2
BRDA:511,74,1,6
BRDA:519,75,0,0
BRDA:519,75,1,8
BRDA:551,76,0,6
BRDA:551,76,1,6
BRDA:552,77,0,0
BRDA:552,77,1,6
BRDA:561,78,0,4
BRDA:561,78,1,2
BRDA:568,79,0,4
BRDA:568,79,1,2
BRDA:573,80,0,1
BRDA:573,80,1,1
BRDA:574,81,0,1
BRDA:574,81,1,0
BRDA:575,82,0,1
BRDA:575,82,1,0
BRDA:603,83,0,0
BRDA:603,83,1,1
BRF:171
BRH:132
end_of_record
